 Sun Jul 24 23:51:03 2016: Удаляем ордера по ETH_USD
EXMO FLIP_ETH_USD Sun Jul 24 23:51:03 2016: ask=12.900000  bid=12.820000
EXMO FLIP_ETH_USD Sun Jul 24 23:51:04 2016: {u'DASH': 0.0, u'USD': 9e-08, u'RUB': 0.0, u'DOGE': 0.0, u'LTC': 0.0, u'BTC': 1e-08, u'ETH': 0.72991505, u'EUR': 0.0}
EXMO FLIP_ETH_USD Sun Jul 24 23:51:05 2016: Ордер "sell": ETH_USD: price=12.899999
EXMO FLIP_ETH_USD Sun Jul 24 23:51:07 2016: Ошибка выставления ордера "buy": quantity expected in range 0 - 1000!
 Sun Jul 24 23:54:02 2016: Удаляем ордера по ETH_USD
EXMO FLIP_ETH_USD Sun Jul 24 23:54:03 2016: ask=13.000000  bid=12.820000
EXMO FLIP_ETH_USD Sun Jul 24 23:54:03 2016: {u'DASH': 0.0, u'USD': 9e-08, u'RUB': 0.0, u'DOGE': 0.0, u'LTC': 0.0, u'BTC': 1e-08, u'ETH': 0.72991505, u'EUR': 0.0}
EXMO FLIP_ETH_USD Sun Jul 24 23:54:04 2016: Ордер "sell": ETH_USD: price=12.999999
EXMO FLIP_ETH_USD Sun Jul 24 23:54:06 2016: Ошибка выставления ордера "buy": quantity expected in range 0 - 1000!
 Sun Jul 24 23:57:03 2016: Удаляем ордера по ETH_USD
EXMO FLIP_ETH_USD Sun Jul 24 23:57:04 2016: ask=12.980000  bid=12.820000
EXMO FLIP_ETH_USD Sun Jul 24 23:57:04 2016: {u'DASH': 0.0, u'USD': 9e-08, u'RUB': 0.0, u'DOGE': 0.0, u'LTC': 0.0, u'BTC': 1e-08, u'ETH': 0.72991505, u'EUR': 0.0}
EXMO FLIP_ETH_USD Sun Jul 24 23:57:05 2016: Ордер "sell": ETH_USD: price=12.979999
EXMO FLIP_ETH_USD Sun Jul 24 23:57:07 2016: Ошибка выставления ордера "buy": quantity expected in range 0 - 1000!
 Mon Jul 25 00:00:03 2016: Удаляем ордера по ETH_USD
EXMO FLIP_ETH_USD Mon Jul 25 00:00:08 2016: ask=13.000000  bid=12.820000
EXMO FLIP_ETH_USD Mon Jul 25 00:00:09 2016: {u'DASH': 0.0, u'USD': 9e-08, u'RUB': 0.0, u'DOGE': 0.0, u'LTC': 0.0, u'BTC': 1e-08, u'ETH': 0.72991505, u'EUR': 0.0}
EXMO FLIP_ETH_USD Mon Jul 25 00:00:10 2016: Ордер "sell": ETH_USD: price=12.999999
EXMO FLIP_ETH_USD Mon Jul 25 00:00:12 2016: Ошибка выставления ордера "buy": quantity expected in range 0 - 1000!
 Mon Jul 25 00:03:03 2016: Удаляем ордера по ETH_USD
EXMO FLIP_ETH_USD Mon Jul 25 00:03:03 2016: ask=12.999999  bid=12.820000
EXMO FLIP_ETH_USD Mon Jul 25 00:03:04 2016: {u'DASH': 0.0, u'USD': 9e-08, u'RUB': 0.0, u'DOGE': 0.0, u'LTC': 0.0, u'BTC': 1e-08, u'ETH': 0.72991505, u'EUR': 0.0}
EXMO FLIP_ETH_USD Mon Jul 25 00:03:04 2016: Ордер "sell": ETH_USD: price=12.999998
EXMO FLIP_ETH_USD Mon Jul 25 00:03:06 2016: Ошибка выставления ордера "buy": quantity expected in range 0.001000 - 1000.000000!
 Mon Jul 25 00:06:03 2016: Удаляем ордера по ETH_USD
EXMO FLIP_ETH_USD Mon Jul 25 00:06:03 2016: ask=12.999999  bid=12.700010
EXMO FLIP_ETH_USD Mon Jul 25 00:06:04 2016: {u'DASH': 0.0, u'USD': 9e-08, u'RUB': 0.0, u'DOGE': 0.0, u'LTC': 0.0, u'BTC': 1e-08, u'ETH': 0.72991505, u'EUR': 0.0}
EXMO FLIP_ETH_USD Mon Jul 25 00:06:04 2016: Ордер "sell": ETH_USD: price=12.999998
EXMO FLIP_ETH_USD Mon Jul 25 00:06:06 2016: Ошибка выставления ордера "buy": quantity expected in range 0.001000 - 1000.000000!
 Mon Jul 25 00:09:03 2016: Удаляем ордера по ETH_USD
EXMO FLIP_ETH_USD Mon Jul 25 00:09:03 2016: ask=12.850000  bid=12.700010
EXMO FLIP_ETH_USD Mon Jul 25 00:09:04 2016: {u'DASH': 0.0, u'USD': 9e-08, u'RUB': 0.0, u'DOGE': 0.0, u'LTC': 0.0, u'BTC': 1e-08, u'ETH': 0.72991505, u'EUR': 0.0}
EXMO FLIP_ETH_USD Mon Jul 25 00:09:04 2016: Ордер "sell": ETH_USD: price=12.849999
EXMO FLIP_ETH_USD Mon Jul 25 00:09:06 2016: Ошибка выставления ордера "buy": quantity expected in range 0.001000 - 1000.000000!
 Mon Jul 25 00:12:03 2016: Удаляем ордера по ETH_USD
EXMO FLIP_ETH_USD Mon Jul 25 00:12:03 2016: ask=12.850000  bid=12.700010
EXMO FLIP_ETH_USD Mon Jul 25 00:12:04 2016: {u'DASH': 0.0, u'USD': 9e-08, u'RUB': 0.0, u'DOGE': 0.0, u'LTC': 0.0, u'BTC': 1e-08, u'ETH': 0.72991505, u'EUR': 0.0}
EXMO FLIP_ETH_USD Mon Jul 25 00:12:04 2016: Ордер "sell": ETH_USD: price=12.849999
EXMO FLIP_ETH_USD Mon Jul 25 00:12:06 2016: Ошибка выставления ордера "buy": quantity expected in range 0.001000 - 1000.000000!
 Mon Jul 25 00:15:04 2016: Удаляем ордера по ETH_USD
EXMO FLIP_ETH_USD Mon Jul 25 00:15:04 2016: ask=12.999000  bid=12.700010
EXMO FLIP_ETH_USD Mon Jul 25 00:15:05 2016: {u'DASH': 0.0, u'USD': 9e-08, u'RUB': 0.0, u'DOGE': 0.0, u'LTC': 0.0, u'BTC': 1e-08, u'ETH': 0.72991505, u'EUR': 0.0}
EXMO FLIP_ETH_USD Mon Jul 25 00:15:05 2016: Ордер "sell": ETH_USD: price=12.998999
EXMO FLIP_ETH_USD Mon Jul 25 00:15:07 2016: Ошибка выставления ордера "buy": quantity expected in range 0.001000 - 1000.000000!
 Mon Jul 25 00:18:04 2016: Удаляем ордера по ETH_USD
EXMO FLIP_ETH_USD Mon Jul 25 00:18:05 2016: ask=12.997000  bid=12.700003
EXMO FLIP_ETH_USD Mon Jul 25 00:18:05 2016: {u'DASH': 0.0, u'USD': 9e-08, u'RUB': 0.0, u'DOGE': 0.0, u'LTC': 0.0, u'BTC': 1e-08, u'ETH': 0.72991505, u'EUR': 0.0}
EXMO FLIP_ETH_USD Mon Jul 25 00:18:11 2016: Ордер "sell": ETH_USD: price=12.996999
EXMO FLIP_ETH_USD Mon Jul 25 00:18:13 2016: Ошибка выставления ордера "buy": quantity expected in range 0.001000 - 1000.000000!
 Mon Jul 25 00:21:02 2016: Удаляем ордера по ETH_USD
EXMO FLIP_ETH_USD Mon Jul 25 00:21:03 2016: ask=12.992000  bid=12.700003
EXMO FLIP_ETH_USD Mon Jul 25 00:21:08 2016: {u'DASH': 0.0, u'USD': 9e-08, u'RUB': 0.0, u'DOGE': 0.0, u'LTC': 0.0, u'BTC': 1e-08, u'ETH': 0.72991505, u'EUR': 0.0}
EXMO FLIP_ETH_USD Mon Jul 25 00:21:09 2016: Ордер "sell": ETH_USD: price=12.991999
EXMO FLIP_ETH_USD Mon Jul 25 00:21:11 2016: Ошибка выставления ордера "buy": quantity expected in range 0.001000 - 1000.000000!
 Mon Jul 25 00:24:03 2016: Удаляем ордера по ETH_USD
EXMO FLIP_ETH_USD Mon Jul 25 00:24:03 2016: ask=12.991000  bid=12.700004
EXMO FLIP_ETH_USD Mon Jul 25 00:24:04 2016: {u'DASH': 0.0, u'USD': 9e-08, u'RUB': 0.0, u'DOGE': 0.0, u'LTC': 0.0, u'BTC': 1e-08, u'ETH': 0.72991505, u'EUR': 0.0}
EXMO FLIP_ETH_USD Mon Jul 25 00:24:04 2016: Ордер "sell": ETH_USD: price=12.990999
EXMO FLIP_ETH_USD Mon Jul 25 00:24:06 2016: Ошибка выставления ордера "buy": quantity expected in range 0.001000 - 1000.000000!
 Mon Jul 25 00:27:03 2016: Удаляем ордера по ETH_USD
EXMO FLIP_ETH_USD Mon Jul 25 00:27:03 2016: ask=12.990000  bid=12.700004
EXMO FLIP_ETH_USD Mon Jul 25 00:27:04 2016: {u'DASH': 0.0, u'USD': 9e-08, u'RUB': 0.0, u'DOGE': 0.0, u'LTC': 0.0, u'BTC': 1e-08, u'ETH': 0.72991505, u'EUR': 0.0}
EXMO FLIP_ETH_USD Mon Jul 25 00:27:05 2016: Ордер "sell": ETH_USD: price=12.989999
EXMO FLIP_ETH_USD Mon Jul 25 00:27:07 2016: Ошибка выставления ордера "buy": quantity expected in range 0.001000 - 1000.000000!
 Mon Jul 25 00:30:02 2016: Удаляем ордера по ETH_USD
EXMO FLIP_ETH_USD Mon Jul 25 00:30:03 2016: ask=12.989000  bid=12.700003
EXMO FLIP_ETH_USD Mon Jul 25 00:30:03 2016: {u'DASH': 0.0, u'USD': 9e-08, u'RUB': 0.0, u'DOGE': 0.0, u'LTC': 0.0, u'BTC': 1e-08, u'ETH': 0.72991505, u'EUR': 0.0}
EXMO FLIP_ETH_USD Mon Jul 25 00:30:04 2016: Ордер "sell": ETH_USD: price=12.988999
EXMO FLIP_ETH_USD Mon Jul 25 00:30:06 2016: Ошибка выставления ордера "buy": quantity expected in range 0.001000 - 1000.000000!
 Mon Jul 25 00:33:02 2016: Удаляем ордера по ETH_USD
EXMO FLIP_ETH_USD Mon Jul 25 00:33:03 2016: ask=12.988000  bid=12.700004
EXMO FLIP_ETH_USD Mon Jul 25 00:33:03 2016: {u'DASH': 0.0, u'USD': 9e-08, u'RUB': 0.0, u'DOGE': 0.0, u'LTC': 0.0, u'BTC': 1e-08, u'ETH': 0.72991505, u'EUR': 0.0}
EXMO FLIP_ETH_USD Mon Jul 25 00:33:04 2016: Ордер "sell": ETH_USD: price=12.987999
EXMO FLIP_ETH_USD Mon Jul 25 00:33:06 2016: Ошибка выставления ордера "buy": quantity expected in range 0.001000 - 1000.000000!
 Mon Jul 25 00:36:02 2016: Удаляем ордера по ETH_USD
EXMO FLIP_ETH_USD Mon Jul 25 00:36:03 2016: ask=12.987000  bid=12.700003
EXMO FLIP_ETH_USD Mon Jul 25 00:36:03 2016: {u'DASH': 0.0, u'USD': 9e-08, u'RUB': 0.0, u'DOGE': 0.0, u'LTC': 0.0, u'BTC': 1e-08, u'ETH': 0.72991505, u'EUR': 0.0}
EXMO FLIP_ETH_USD Mon Jul 25 00:36:04 2016: Ордер "sell": ETH_USD: price=12.986999
EXMO FLIP_ETH_USD Mon Jul 25 00:36:06 2016: Ошибка выставления ордера "buy": quantity expected in range 0.001000 - 1000.000000!
 Mon Jul 25 09:24:11 2016: Удаляем ордера по ETH_USD
EXMO FLIP_ETH_USD Mon Jul 25 09:24:11 2016: ask=13.320000  bid=12.709000
EXMO FLIP_ETH_USD Mon Jul 25 09:24:12 2016: {u'DASH': 0.0, u'USD': 9e-08, u'RUB': 0.0, u'DOGE': 0.0, u'LTC': 0.0, u'BTC': 1e-08, u'ETH': 0.72991505, u'EUR': 0.0}
EXMO FLIP_ETH_USD Mon Jul 25 09:24:12 2016: Ордер "sell": ETH_USD: price=13.319999
EXMO FLIP_ETH_USD Mon Jul 25 09:24:14 2016: Ошибка выставления ордера "buy": quantity expected in range 0.001000 - 1000.000000!
 Mon Jul 25 09:27:04 2016: Удаляем ордера по ETH_USD
EXMO FLIP_ETH_USD Mon Jul 25 09:27:04 2016: ask=13.320000  bid=12.709000
EXMO FLIP_ETH_USD Mon Jul 25 09:27:05 2016: {u'DASH': 0.0, u'USD': 9e-08, u'RUB': 0.0, u'DOGE': 0.0, u'LTC': 0.0, u'BTC': 1e-08, u'ETH': 0.72991505, u'EUR': 0.0}
EXMO FLIP_ETH_USD Mon Jul 25 09:27:05 2016: Ордер "sell": ETH_USD: price=13.319999
EXMO FLIP_ETH_USD Mon Jul 25 09:27:07 2016: Ошибка выставления ордера "buy": quantity expected in range 0.001000 - 1000.000000!
 Mon Jul 25 09:30:03 2016: Удаляем ордера по ETH_USD
EXMO FLIP_ETH_USD Mon Jul 25 09:30:03 2016: ask=13.320000  bid=12.709000
EXMO FLIP_ETH_USD Mon Jul 25 09:30:09 2016: {u'DASH': 0.0, u'USD': 9e-08, u'RUB': 0.0, u'DOGE': 0.0, u'LTC': 0.0, u'BTC': 1e-08, u'ETH': 0.72991505, u'EUR': 0.0}
EXMO FLIP_ETH_USD Mon Jul 25 09:30:14 2016: Ордер "sell": ETH_USD: price=13.319999
EXMO FLIP_ETH_USD Mon Jul 25 09:30:16 2016: Ошибка выставления ордера "buy": quantity expected in range 0.001000 - 1000.000000!
 Mon Jul 25 09:33:08 2016: Удаляем ордера по ETH_USD
EXMO FLIP_ETH_USD Mon Jul 25 09:33:09 2016: ask=13.320000  bid=12.709000
EXMO FLIP_ETH_USD Mon Jul 25 09:33:10 2016: {u'DASH': 0.0, u'USD': 9e-08, u'RUB': 0.0, u'DOGE': 0.0, u'LTC': 0.0, u'BTC': 1e-08, u'ETH': 0.72991505, u'EUR': 0.0}
EXMO FLIP_ETH_USD Mon Jul 25 09:33:10 2016: Ордер "sell": ETH_USD: price=13.319999
EXMO FLIP_ETH_USD Mon Jul 25 09:33:12 2016: Ошибка выставления ордера "buy": quantity expected in range 0.001000 - 1000.000000!
 Mon Jul 25 09:36:03 2016: Удаляем ордера по ETH_USD
EXMO FLIP_ETH_USD Mon Jul 25 09:36:03 2016: ask=13.320000  bid=12.709000
EXMO FLIP_ETH_USD Mon Jul 25 09:36:04 2016: {u'DASH': 0.0, u'USD': 9e-08, u'RUB': 0.0, u'DOGE': 0.0, u'LTC': 0.0, u'BTC': 1e-08, u'ETH': 0.72991505, u'EUR': 0.0}
EXMO FLIP_ETH_USD Mon Jul 25 09:36:09 2016: Ордер "sell": ETH_USD: price=13.319999
EXMO FLIP_ETH_USD Mon Jul 25 09:36:11 2016: Ошибка выставления ордера "buy": quantity expected in range 0.001000 - 1000.000000!
 Mon Jul 25 09:39:03 2016: Удаляем ордера по ETH_USD
EXMO FLIP_ETH_USD Mon Jul 25 09:39:03 2016: ask=13.320000  bid=12.709000
EXMO FLIP_ETH_USD Mon Jul 25 09:39:04 2016: {u'DASH': 0.0, u'USD': 9e-08, u'RUB': 0.0, u'DOGE': 0.0, u'LTC': 0.0, u'BTC': 1e-08, u'ETH': 0.72991505, u'EUR': 0.0}
EXMO FLIP_ETH_USD Mon Jul 25 09:39:04 2016: Ордер "sell": ETH_USD: price=13.319999
EXMO FLIP_ETH_USD Mon Jul 25 09:39:06 2016: Ошибка выставления ордера "buy": quantity expected in range 0.001000 - 1000.000000!
 Mon Jul 25 09:42:04 2016: Удаляем ордера по ETH_USD
EXMO FLIP_ETH_USD Mon Jul 25 09:42:05 2016: ask=13.319999  bid=12.709000
EXMO FLIP_ETH_USD Mon Jul 25 09:42:05 2016: {u'DASH': 0.0, u'USD': 9e-08, u'RUB': 0.0, u'DOGE': 0.0, u'LTC': 0.0, u'BTC': 1e-08, u'ETH': 0.72991505, u'EUR': 0.0}
EXMO FLIP_ETH_USD Mon Jul 25 09:42:06 2016: Ордер "sell": ETH_USD: price=13.319998
EXMO FLIP_ETH_USD Mon Jul 25 09:42:08 2016: Ошибка выставления ордера "buy": quantity expected in range 0.001000 - 1000.000000!
 Mon Jul 25 09:45:03 2016: Удаляем ордера по ETH_USD
EXMO FLIP_ETH_USD Mon Jul 25 09:45:05 2016: ask=13.319999  bid=12.709000
EXMO FLIP_ETH_USD Mon Jul 25 09:45:06 2016: {u'DASH': 0.0, u'USD': 9e-08, u'RUB': 0.0, u'DOGE': 0.0, u'LTC': 0.0, u'BTC': 1e-08, u'ETH': 0.72991505, u'EUR': 0.0}
EXMO FLIP_ETH_USD Mon Jul 25 09:45:07 2016: Ордер "sell": ETH_USD: price=13.319998
EXMO FLIP_ETH_USD Mon Jul 25 09:45:09 2016: Ошибка выставления ордера "buy": quantity expected in range 0.001000 - 1000.000000!
 Mon Jul 25 09:48:07 2016: Удаляем ордера по ETH_USD
EXMO FLIP_ETH_USD Mon Jul 25 09:48:08 2016: ask=13.350000  bid=12.860000
EXMO FLIP_ETH_USD Mon Jul 25 09:48:08 2016: {u'DASH': 0.0, u'USD': 9.70302202, u'RUB': 0.0, u'DOGE': 0.0, u'LTC': 0.0, u'BTC': 1e-08, u'ETH': 0.0, u'EUR': 0.0}
EXMO FLIP_ETH_USD Mon Jul 25 09:48:11 2016: Ордер "buy": ETH_USD: price=12.860001
 Mon Jul 25 09:51:02 2016: Удаляем ордера по ETH_USD
EXMO FLIP_ETH_USD Mon Jul 25 09:51:03 2016: ask=13.390000  bid=12.900000
EXMO FLIP_ETH_USD Mon Jul 25 09:51:03 2016: {u'DASH': 0.0, u'USD': 9.70302202, u'RUB': 0.0, u'DOGE': 0.0, u'LTC': 0.0, u'BTC': 1e-08, u'ETH': 0.0, u'EUR': 0.0}
EXMO FLIP_ETH_USD Mon Jul 25 09:51:06 2016: Ордер "buy": ETH_USD: price=12.900001
 Mon Jul 25 09:54:02 2016: Удаляем ордера по ETH_USD
EXMO FLIP_ETH_USD Mon Jul 25 09:54:03 2016: ask=13.390000  bid=13.000000
EXMO FLIP_ETH_USD Mon Jul 25 09:54:03 2016: {u'DASH': 0.0, u'USD': 9.70302202, u'RUB': 0.0, u'DOGE': 0.0, u'LTC': 0.0, u'BTC': 1e-08, u'ETH': 0.0, u'EUR': 0.0}
EXMO FLIP_ETH_USD Mon Jul 25 09:54:06 2016: Ордер "buy": ETH_USD: price=13.000001
 Mon Jul 25 09:57:02 2016: Удаляем ордера по ETH_USD
EXMO FLIP_ETH_USD Mon Jul 25 09:57:03 2016: ask=13.390000  bid=13.000000
EXMO FLIP_ETH_USD Mon Jul 25 09:57:08 2016: {u'DASH': 0.0, u'USD': 9.70302202, u'RUB': 0.0, u'DOGE': 0.0, u'LTC': 0.0, u'BTC': 1e-08, u'ETH': 0.0, u'EUR': 0.0}
EXMO FLIP_ETH_USD Mon Jul 25 09:57:11 2016: Ордер "buy": ETH_USD: price=13.000001
 Mon Jul 25 10:00:03 2016: Удаляем ордера по ETH_USD
EXMO FLIP_ETH_USD Mon Jul 25 10:00:08 2016: ask=13.500000  bid=13.000000
EXMO FLIP_ETH_USD Mon Jul 25 10:00:09 2016: {u'DASH': 0.0, u'USD': 9.70302202, u'RUB': 0.0, u'DOGE': 0.0, u'LTC': 0.0, u'BTC': 1e-08, u'ETH': 0.0, u'EUR': 0.0}
EXMO FLIP_ETH_USD Mon Jul 25 10:00:12 2016: Ордер "buy": ETH_USD: price=13.000001
 Mon Jul 25 10:03:02 2016: Удаляем ордера по ETH_USD
EXMO FLIP_ETH_USD Mon Jul 25 10:03:03 2016: ask=13.490000  bid=12.719001
EXMO FLIP_ETH_USD Mon Jul 25 10:03:03 2016: {u'DASH': 0.0, u'USD': 9.70302202, u'RUB': 0.0, u'DOGE': 0.0, u'LTC': 0.0, u'BTC': 1e-08, u'ETH': 0.0, u'EUR': 0.0}
EXMO FLIP_ETH_USD Mon Jul 25 10:03:06 2016: Ордер "buy": ETH_USD: price=12.719002
 Mon Jul 25 10:06:02 2016: Удаляем ордера по ETH_USD
EXMO FLIP_ETH_USD Mon Jul 25 10:06:03 2016: ask=13.570000  bid=12.850000
EXMO FLIP_ETH_USD Mon Jul 25 10:06:03 2016: {u'DASH': 0.0, u'USD': 9.70302202, u'RUB': 0.0, u'DOGE': 0.0, u'LTC': 0.0, u'BTC': 1e-08, u'ETH': 0.0, u'EUR': 0.0}
EXMO FLIP_ETH_USD Mon Jul 25 10:06:06 2016: Ордер "buy": ETH_USD: price=12.850001
 Mon Jul 25 10:09:07 2016: Удаляем ордера по ETH_USD
EXMO FLIP_ETH_USD Mon Jul 25 10:09:08 2016: ask=13.570000  bid=12.850001
EXMO FLIP_ETH_USD Mon Jul 25 10:09:08 2016: {u'DASH': 0.0, u'USD': 9.70302202, u'RUB': 0.0, u'DOGE': 0.0, u'LTC': 0.0, u'BTC': 1e-08, u'ETH': 0.0, u'EUR': 0.0}
EXMO FLIP_ETH_USD Mon Jul 25 10:09:11 2016: Ордер "buy": ETH_USD: price=12.850002
 Mon Jul 25 10:12:07 2016: Удаляем ордера по ETH_USD
EXMO FLIP_ETH_USD Mon Jul 25 10:12:08 2016: ask=13.570000  bid=12.890000
EXMO FLIP_ETH_USD Mon Jul 25 10:12:08 2016: {u'DASH': 0.0, u'USD': 9.70302202, u'RUB': 0.0, u'DOGE': 0.0, u'LTC': 0.0, u'BTC': 1e-08, u'ETH': 0.0, u'EUR': 0.0}
EXMO FLIP_ETH_USD Mon Jul 25 10:12:11 2016: Ордер "buy": ETH_USD: price=12.890001
 Mon Jul 25 10:15:08 2016: Удаляем ордера по ETH_USD
EXMO FLIP_ETH_USD Mon Jul 25 10:15:08 2016: ask=13.570000  bid=12.890000
EXMO FLIP_ETH_USD Mon Jul 25 10:15:09 2016: {u'DASH': 0.0, u'USD': 9.70302202, u'RUB': 0.0, u'DOGE': 0.0, u'LTC': 0.0, u'BTC': 1e-08, u'ETH': 0.0, u'EUR': 0.0}
EXMO FLIP_ETH_USD Mon Jul 25 10:15:11 2016: Ордер "buy": ETH_USD: price=12.890001
 Mon Jul 25 10:18:03 2016: Удаляем ордера по ETH_USD
EXMO FLIP_ETH_USD Mon Jul 25 10:18:03 2016: ask=13.570000  bid=13.000000
EXMO FLIP_ETH_USD Mon Jul 25 10:18:04 2016: {u'DASH': 0.0, u'USD': 9.70302202, u'RUB': 0.0, u'DOGE': 0.0, u'LTC': 0.0, u'BTC': 1e-08, u'ETH': 0.0, u'EUR': 0.0}
EXMO FLIP_ETH_USD Mon Jul 25 10:18:06 2016: Ордер "buy": ETH_USD: price=13.000001
 Mon Jul 25 10:21:08 2016: Удаляем ордера по ETH_USD
EXMO FLIP_ETH_USD Mon Jul 25 10:21:08 2016: ask=13.520000  bid=13.000000
EXMO FLIP_ETH_USD Mon Jul 25 10:21:09 2016: {u'DASH': 0.0, u'USD': 9.70302202, u'RUB': 0.0, u'DOGE': 0.0, u'LTC': 0.0, u'BTC': 1e-08, u'ETH': 0.0, u'EUR': 0.0}
EXMO FLIP_ETH_USD Mon Jul 25 10:21:12 2016: Ордер "buy": ETH_USD: price=13.000001
 Mon Jul 25 10:24:02 2016: Удаляем ордера по ETH_USD
EXMO FLIP_ETH_USD Mon Jul 25 10:24:03 2016: ask=13.500000  bid=13.000000
EXMO FLIP_ETH_USD Mon Jul 25 10:24:03 2016: {u'DASH': 0.0, u'USD': 9.70302202, u'RUB': 0.0, u'DOGE': 0.0, u'LTC': 0.0, u'BTC': 1e-08, u'ETH': 0.0, u'EUR': 0.0}
EXMO FLIP_ETH_USD Mon Jul 25 10:24:06 2016: Ордер "buy": ETH_USD: price=13.000001
 Mon Jul 25 10:27:07 2016: Удаляем ордера по ETH_USD
EXMO FLIP_ETH_USD Mon Jul 25 10:27:08 2016: ask=13.500000  bid=13.000000
EXMO FLIP_ETH_USD Mon Jul 25 10:27:08 2016: {u'DASH': 0.0, u'USD': 9.70302202, u'RUB': 0.0, u'DOGE': 0.0, u'LTC': 0.0, u'BTC': 1e-08, u'ETH': 0.0, u'EUR': 0.0}
EXMO FLIP_ETH_USD Mon Jul 25 10:27:12 2016: Ордер "buy": ETH_USD: price=13.000001
 Mon Jul 25 10:30:02 2016: Удаляем ордера по ETH_USD
EXMO FLIP_ETH_USD Mon Jul 25 10:30:03 2016: ask=13.480000  bid=12.850001
EXMO FLIP_ETH_USD Mon Jul 25 10:30:03 2016: {u'DASH': 0.0, u'USD': 9.70302202, u'RUB': 0.0, u'DOGE': 0.0, u'LTC': 0.0, u'BTC': 1e-08, u'ETH': 0.0, u'EUR': 0.0}
EXMO FLIP_ETH_USD Mon Jul 25 10:30:06 2016: Ордер "buy": ETH_USD: price=12.850002
 Mon Jul 25 10:33:02 2016: Удаляем ордера по ETH_USD
EXMO FLIP_ETH_USD Mon Jul 25 10:33:03 2016: ask=13.480000  bid=13.000000
EXMO FLIP_ETH_USD Mon Jul 25 10:33:03 2016: {u'DASH': 0.0, u'USD': 9.70302202, u'RUB': 0.0, u'DOGE': 0.0, u'LTC': 0.0, u'BTC': 1e-08, u'ETH': 0.0, u'EUR': 0.0}
EXMO FLIP_ETH_USD Mon Jul 25 10:33:06 2016: Ордер "buy": ETH_USD: price=13.000001
 Mon Jul 25 10:36:02 2016: Удаляем ордера по ETH_USD
EXMO FLIP_ETH_USD Mon Jul 25 10:36:03 2016: ask=13.480000  bid=13.000000
EXMO FLIP_ETH_USD Mon Jul 25 10:36:03 2016: {u'DASH': 0.0, u'USD': 9.70302202, u'RUB': 0.0, u'DOGE': 0.0, u'LTC': 0.0, u'BTC': 1e-08, u'ETH': 0.0, u'EUR': 0.0}
EXMO FLIP_ETH_USD Mon Jul 25 10:36:06 2016: Ордер "buy": ETH_USD: price=13.000001
 Mon Jul 25 10:39:02 2016: Удаляем ордера по ETH_USD
EXMO FLIP_ETH_USD Mon Jul 25 10:39:02 2016: ask=13.480000  bid=13.000000
EXMO FLIP_ETH_USD Mon Jul 25 10:39:03 2016: {u'DASH': 0.0, u'USD': 9.70302202, u'RUB': 0.0, u'DOGE': 0.0, u'LTC': 0.0, u'BTC': 1e-08, u'ETH': 0.0, u'EUR': 0.0}
EXMO FLIP_ETH_USD Mon Jul 25 10:39:05 2016: Ордер "buy": ETH_USD: price=13.000001
 Mon Jul 25 10:42:03 2016: Удаляем ордера по ETH_USD
EXMO FLIP_ETH_USD Mon Jul 25 10:42:04 2016: ask=13.480000  bid=13.000000
EXMO FLIP_ETH_USD Mon Jul 25 10:42:04 2016: {u'DASH': 0.0, u'USD': 9.70302202, u'RUB': 0.0, u'DOGE': 0.0, u'LTC': 0.0, u'BTC': 1e-08, u'ETH': 0.0, u'EUR': 0.0}
EXMO FLIP_ETH_USD Mon Jul 25 10:42:07 2016: Ордер "buy": ETH_USD: price=13.000001
 Mon Jul 25 10:45:03 2016: Удаляем ордера по ETH_USD
EXMO FLIP_ETH_USD Mon Jul 25 10:45:03 2016: ask=13.480000  bid=13.000000
EXMO FLIP_ETH_USD Mon Jul 25 10:45:04 2016: {u'DASH': 0.0, u'USD': 9.70302202, u'RUB': 0.0, u'DOGE': 0.0, u'LTC': 0.0, u'BTC': 1e-08, u'ETH': 0.0, u'EUR': 0.0}
EXMO FLIP_ETH_USD Mon Jul 25 10:45:11 2016: Ордер "buy": ETH_USD: price=13.000001
 Mon Jul 25 10:48:03 2016: Удаляем ордера по ETH_USD
EXMO FLIP_ETH_USD Mon Jul 25 10:48:03 2016: ask=13.570000  bid=13.000000
EXMO FLIP_ETH_USD Mon Jul 25 10:48:03 2016: {u'DASH': 0.0, u'USD': 9.70302202, u'RUB': 0.0, u'DOGE': 0.0, u'LTC': 0.0, u'BTC': 1e-08, u'ETH': 0.0, u'EUR': 0.0}
EXMO FLIP_ETH_USD Mon Jul 25 10:48:06 2016: Ордер "buy": ETH_USD: price=13.000001
 Mon Jul 25 10:51:03 2016: Удаляем ордера по ETH_USD
EXMO FLIP_ETH_USD Mon Jul 25 10:51:03 2016: ask=13.570000  bid=13.000000
EXMO FLIP_ETH_USD Mon Jul 25 10:51:03 2016: {u'DASH': 0.0, u'USD': 9.70302202, u'RUB': 0.0, u'DOGE': 0.0, u'LTC': 0.0, u'BTC': 1e-08, u'ETH': 0.0, u'EUR': 0.0}
EXMO FLIP_ETH_USD Mon Jul 25 10:51:06 2016: Ордер "buy": ETH_USD: price=13.000001
 Mon Jul 25 10:54:02 2016: Удаляем ордера по ETH_USD
EXMO FLIP_ETH_USD Mon Jul 25 10:54:03 2016: ask=13.570000  bid=13.000000
EXMO FLIP_ETH_USD Mon Jul 25 10:54:03 2016: {u'DASH': 0.0, u'USD': 9.70302202, u'RUB': 0.0, u'DOGE': 0.0, u'LTC': 0.0, u'BTC': 1e-08, u'ETH': 0.0, u'EUR': 0.0}
EXMO FLIP_ETH_USD Mon Jul 25 10:54:06 2016: Ордер "buy": ETH_USD: price=13.000001
 Mon Jul 25 10:57:02 2016: Удаляем ордера по ETH_USD
EXMO FLIP_ETH_USD Mon Jul 25 10:57:03 2016: ask=13.570000  bid=13.000000
EXMO FLIP_ETH_USD Mon Jul 25 10:57:03 2016: {u'DASH': 0.0, u'USD': 9.70302202, u'RUB': 0.0, u'DOGE': 0.0, u'LTC': 0.0, u'BTC': 1e-08, u'ETH': 0.0, u'EUR': 0.0}
EXMO FLIP_ETH_USD Mon Jul 25 10:57:05 2016: Ордер "buy": ETH_USD: price=13.000001
 Mon Jul 25 11:00:02 2016: Удаляем ордера по ETH_USD
EXMO FLIP_ETH_USD Mon Jul 25 11:00:02 2016: ask=13.570000  bid=13.000000
EXMO FLIP_ETH_USD Mon Jul 25 11:00:03 2016: {u'DASH': 0.0, u'USD': 9.70302202, u'RUB': 0.0, u'DOGE': 0.0, u'LTC': 0.0, u'BTC': 1e-08, u'ETH': 0.0, u'EUR': 0.0}
EXMO FLIP_ETH_USD Mon Jul 25 11:00:11 2016: Ордер "buy": ETH_USD: price=13.000001
 Mon Jul 25 11:03:02 2016: Удаляем ордера по ETH_USD
EXMO FLIP_ETH_USD Mon Jul 25 11:03:03 2016: ask=13.570000  bid=13.000000
EXMO FLIP_ETH_USD Mon Jul 25 11:03:03 2016: {u'DASH': 0.0, u'USD': 9.70302202, u'RUB': 0.0, u'DOGE': 0.0, u'LTC': 0.0, u'BTC': 1e-08, u'ETH': 0.0, u'EUR': 0.0}
EXMO FLIP_ETH_USD Mon Jul 25 11:03:06 2016: Ордер "buy": ETH_USD: price=13.000001
 Mon Jul 25 11:06:08 2016: Удаляем ордера по ETH_USD
EXMO FLIP_ETH_USD Mon Jul 25 11:06:08 2016: ask=13.570000  bid=13.100001
EXMO FLIP_ETH_USD Mon Jul 25 11:06:09 2016: {u'DASH': 0.0, u'USD': 9.70302202, u'RUB': 0.0, u'DOGE': 0.0, u'LTC': 0.0, u'BTC': 1e-08, u'ETH': 0.0, u'EUR': 0.0}
EXMO FLIP_ETH_USD Mon Jul 25 11:06:11 2016: Ордер "buy": ETH_USD: price=13.100002
 Mon Jul 25 11:09:03 2016: Удаляем ордера по ETH_USD
EXMO FLIP_ETH_USD Mon Jul 25 11:09:03 2016: ask=13.570000  bid=13.100001
EXMO FLIP_ETH_USD Mon Jul 25 11:09:04 2016: {u'DASH': 0.0, u'USD': 9.70302202, u'RUB': 0.0, u'DOGE': 0.0, u'LTC': 0.0, u'BTC': 1e-08, u'ETH': 0.0, u'EUR': 0.0}
EXMO FLIP_ETH_USD Mon Jul 25 11:09:06 2016: Ордер "buy": ETH_USD: price=13.100002
 Mon Jul 25 11:12:03 2016: Удаляем ордера по ETH_USD
EXMO FLIP_ETH_USD Mon Jul 25 11:12:04 2016: ask=13.570000  bid=13.100001
EXMO FLIP_ETH_USD Mon Jul 25 11:12:04 2016: {u'DASH': 0.0, u'USD': 9.70302202, u'RUB': 0.0, u'DOGE': 0.0, u'LTC': 0.0, u'BTC': 1e-08, u'ETH': 0.0, u'EUR': 0.0}
EXMO FLIP_ETH_USD Mon Jul 25 11:12:07 2016: Ордер "buy": ETH_USD: price=13.100002
 Mon Jul 25 11:15:08 2016: Удаляем ордера по ETH_USD
EXMO FLIP_ETH_USD Mon Jul 25 11:15:09 2016: ask=13.570000  bid=13.100001
EXMO FLIP_ETH_USD Mon Jul 25 11:15:10 2016: {u'DASH': 0.0, u'USD': 9.70302202, u'RUB': 0.0, u'DOGE': 0.0, u'LTC': 0.0, u'BTC': 1e-08, u'ETH': 0.0, u'EUR': 0.0}
EXMO FLIP_ETH_USD Mon Jul 25 11:15:13 2016: Ордер "buy": ETH_USD: price=13.100002
 Mon Jul 25 11:18:03 2016: Удаляем ордера по ETH_USD
EXMO FLIP_ETH_USD Mon Jul 25 11:18:03 2016: ask=13.570000  bid=13.100010
EXMO FLIP_ETH_USD Mon Jul 25 11:18:03 2016: {u'DASH': 0.0, u'USD': 9.70302202, u'RUB': 0.0, u'DOGE': 0.0, u'LTC': 0.0, u'BTC': 1e-08, u'ETH': 0.0, u'EUR': 0.0}
EXMO FLIP_ETH_USD Mon Jul 25 11:18:06 2016: Ордер "buy": ETH_USD: price=13.100011
 Mon Jul 25 11:21:03 2016: Удаляем ордера по ETH_USD
EXMO FLIP_ETH_USD Mon Jul 25 11:21:03 2016: ask=13.570000  bid=13.100001
EXMO FLIP_ETH_USD Mon Jul 25 11:21:09 2016: {u'DASH': 0.0, u'USD': 9.70302202, u'RUB': 0.0, u'DOGE': 0.0, u'LTC': 0.0, u'BTC': 1e-08, u'ETH': 0.0, u'EUR': 0.0}
EXMO FLIP_ETH_USD Mon Jul 25 11:21:12 2016: Ордер "buy": ETH_USD: price=13.100002
 Mon Jul 25 11:24:12 2016: Удаляем ордера по ETH_USD
EXMO FLIP_ETH_USD Mon Jul 25 11:24:13 2016: ask=13.570000  bid=13.101000
EXMO FLIP_ETH_USD Mon Jul 25 11:24:13 2016: {u'DASH': 0.0, u'USD': 9.70302202, u'RUB': 0.0, u'DOGE': 0.0, u'LTC': 0.0, u'BTC': 1e-08, u'ETH': 0.0, u'EUR': 0.0}
EXMO FLIP_ETH_USD Mon Jul 25 11:24:16 2016: Ордер "buy": ETH_USD: price=13.101001
 Mon Jul 25 11:27:12 2016: Удаляем ордера по ETH_USD
EXMO FLIP_ETH_USD Mon Jul 25 11:27:13 2016: ask=13.570000  bid=13.200000
EXMO FLIP_ETH_USD Mon Jul 25 11:27:14 2016: {u'DASH': 0.0, u'USD': 9.70302202, u'RUB': 0.0, u'DOGE': 0.0, u'LTC': 0.0, u'BTC': 1e-08, u'ETH': 0.0, u'EUR': 0.0}
EXMO FLIP_ETH_USD Mon Jul 25 11:27:17 2016: Ордер "buy": ETH_USD: price=13.200001
 Mon Jul 25 11:30:13 2016: Удаляем ордера по ETH_USD
EXMO FLIP_ETH_USD Mon Jul 25 11:30:13 2016: ask=13.570000  bid=13.200000
EXMO FLIP_ETH_USD Mon Jul 25 11:30:14 2016: {u'DASH': 0.0, u'USD': 9.70302202, u'RUB': 0.0, u'DOGE': 0.0, u'LTC': 0.0, u'BTC': 1e-08, u'ETH': 0.0, u'EUR': 0.0}
EXMO FLIP_ETH_USD Mon Jul 25 11:30:17 2016: Ордер "buy": ETH_USD: price=13.200001
 Mon Jul 25 11:33:02 2016: Удаляем ордера по ETH_USD
EXMO FLIP_ETH_USD Mon Jul 25 11:33:03 2016: ask=13.570000  bid=13.201000
EXMO FLIP_ETH_USD Mon Jul 25 11:33:03 2016: {u'DASH': 0.0, u'USD': 9.70302202, u'RUB': 0.0, u'DOGE': 0.0, u'LTC': 0.0, u'BTC': 1e-08, u'ETH': 0.0, u'EUR': 0.0}
EXMO FLIP_ETH_USD Mon Jul 25 11:33:06 2016: Ордер "buy": ETH_USD: price=13.201001
 Mon Jul 25 11:36:02 2016: Удаляем ордера по ETH_USD
EXMO FLIP_ETH_USD Mon Jul 25 11:36:02 2016: ask=13.570000  bid=13.200000
EXMO FLIP_ETH_USD Mon Jul 25 11:36:03 2016: {u'DASH': 0.0, u'USD': 9.70302202, u'RUB': 0.0, u'DOGE': 0.0, u'LTC': 0.0, u'BTC': 1e-08, u'ETH': 0.0, u'EUR': 0.0}
EXMO FLIP_ETH_USD Mon Jul 25 11:36:07 2016: Ордер "buy": ETH_USD: price=13.200001
 Mon Jul 25 11:39:02 2016: Удаляем ордера по ETH_USD
EXMO FLIP_ETH_USD Mon Jul 25 11:39:03 2016: ask=13.570000  bid=13.200000
EXMO FLIP_ETH_USD Mon Jul 25 11:39:04 2016: {u'DASH': 0.0, u'USD': 9.70302202, u'RUB': 0.0, u'DOGE': 0.0, u'LTC': 0.0, u'BTC': 1e-08, u'ETH': 0.0, u'EUR': 0.0}
EXMO FLIP_ETH_USD Mon Jul 25 11:39:11 2016: Ордер "buy": ETH_USD: price=13.200001
 Mon Jul 25 11:42:03 2016: Удаляем ордера по ETH_USD
EXMO FLIP_ETH_USD Mon Jul 25 11:42:04 2016: ask=13.570000  bid=13.200000
EXMO FLIP_ETH_USD Mon Jul 25 11:42:04 2016: {u'DASH': 0.0, u'USD': 9.70302202, u'RUB': 0.0, u'DOGE': 0.0, u'LTC': 0.0, u'BTC': 1e-08, u'ETH': 0.0, u'EUR': 0.0}
EXMO FLIP_ETH_USD Mon Jul 25 11:42:07 2016: Ордер "buy": ETH_USD: price=13.200001
 Mon Jul 25 11:45:09 2016: Удаляем ордера по ETH_USD
EXMO FLIP_ETH_USD Mon Jul 25 11:45:09 2016: ask=13.570000  bid=13.150000
EXMO FLIP_ETH_USD Mon Jul 25 11:45:09 2016: {u'DASH': 0.0, u'USD': 9.70302202, u'RUB': 0.0, u'DOGE': 0.0, u'LTC': 0.0, u'BTC': 1e-08, u'ETH': 0.0, u'EUR': 0.0}
EXMO FLIP_ETH_USD Mon Jul 25 11:45:17 2016: Ордер "buy": ETH_USD: price=13.150001
 Mon Jul 25 11:48:03 2016: Удаляем ордера по ETH_USD
EXMO FLIP_ETH_USD Mon Jul 25 11:48:03 2016: ask=13.570000  bid=13.151000
EXMO FLIP_ETH_USD Mon Jul 25 11:48:03 2016: {u'DASH': 0.0, u'USD': 9.70302202, u'RUB': 0.0, u'DOGE': 0.0, u'LTC': 0.0, u'BTC': 1e-08, u'ETH': 0.0, u'EUR': 0.0}
EXMO FLIP_ETH_USD Mon Jul 25 11:48:06 2016: Ордер "buy": ETH_USD: price=13.151001
 Mon Jul 25 11:51:03 2016: Удаляем ордера по ETH_USD
EXMO FLIP_ETH_USD Mon Jul 25 11:51:04 2016: ask=13.570000  bid=13.151000
EXMO FLIP_ETH_USD Mon Jul 25 11:51:04 2016: {u'DASH': 0.0, u'USD': 9.70302202, u'RUB': 0.0, u'DOGE': 0.0, u'LTC': 0.0, u'BTC': 1e-08, u'ETH': 0.0, u'EUR': 0.0}
EXMO FLIP_ETH_USD Mon Jul 25 11:51:07 2016: Ордер "buy": ETH_USD: price=13.151001
 Mon Jul 25 11:54:03 2016: Удаляем ордера по ETH_USD
EXMO FLIP_ETH_USD Mon Jul 25 11:54:03 2016: ask=13.569000  bid=13.151000
EXMO FLIP_ETH_USD Mon Jul 25 11:54:03 2016: {u'DASH': 0.0, u'USD': 9.70302202, u'RUB': 0.0, u'DOGE': 0.0, u'LTC': 0.0, u'BTC': 1e-08, u'ETH': 0.0, u'EUR': 0.0}
EXMO FLIP_ETH_USD Mon Jul 25 11:54:06 2016: Ордер "buy": ETH_USD: price=13.151001
 Mon Jul 25 11:57:03 2016: Удаляем ордера по ETH_USD
EXMO FLIP_ETH_USD Mon Jul 25 11:57:03 2016: ask=13.559000  bid=13.151000
EXMO FLIP_ETH_USD Mon Jul 25 11:57:04 2016: {u'DASH': 0.0, u'USD': 9.70302202, u'RUB': 0.0, u'DOGE': 0.0, u'LTC': 0.0, u'BTC': 1e-08, u'ETH': 0.0, u'EUR': 0.0}
EXMO FLIP_ETH_USD Mon Jul 25 11:57:06 2016: {u'result': False, u'error': u'Error 50054: Insufficient funds'}
EXMO FLIP_ETH_USD Mon Jul 25 11:57:06 2016: Ордер "buy": ETH_USD: price=13.151001
 Mon Jul 25 12:00:08 2016: Удаляем ордера по ETH_USD
EXMO FLIP_ETH_USD Mon Jul 25 12:00:08 2016: ask=13.559000  bid=13.151000
EXMO FLIP_ETH_USD Mon Jul 25 12:00:09 2016: {u'DASH': 0.0, u'USD': 9.70302202, u'RUB': 0.0, u'DOGE': 0.0, u'LTC': 0.0, u'BTC': 1e-08, u'ETH': 0.0, u'EUR': 0.0}
EXMO FLIP_ETH_USD Mon Jul 25 12:00:11 2016: {u'result': False, u'error': u'Error 50054: Insufficient funds'}
EXMO FLIP_ETH_USD Mon Jul 25 12:00:11 2016: Ордер "buy": ETH_USD: price=13.151001
 Mon Jul 25 12:03:03 2016: Удаляем ордера по ETH_USD
EXMO FLIP_ETH_USD Mon Jul 25 12:03:03 2016: ask=13.559999  bid=13.151000
EXMO FLIP_ETH_USD Mon Jul 25 12:03:03 2016: {u'DASH': 0.0, u'USD': 9.70302202, u'RUB': 0.0, u'DOGE': 0.0, u'LTC': 0.0, u'BTC': 1e-08, u'ETH': 0.0, u'EUR': 0.0}
EXMO FLIP_ETH_USD Mon Jul 25 12:03:06 2016: Ошибка выставления ордера "buy": 
 Mon Jul 25 12:06:03 2016: Удаляем ордера по ETH_USD
EXMO FLIP_ETH_USD Mon Jul 25 12:06:03 2016: ask=13.559999  bid=13.200000
EXMO FLIP_ETH_USD Mon Jul 25 12:06:03 2016: {u'DASH': 0.0, u'USD': 9.70302202, u'RUB': 0.0, u'DOGE': 0.0, u'LTC': 0.0, u'BTC': 1e-08, u'ETH': 0.0, u'EUR': 0.0}
EXMO FLIP_ETH_USD Mon Jul 25 12:06:06 2016: Ошибка выставления ордера "buy": 
 Mon Jul 25 12:07:02 2016: Удаляем ордера по ETH_USD
EXMO FLIP_ETH_USD Mon Jul 25 12:07:03 2016: ask=13.559999  bid=13.200010
EXMO FLIP_ETH_USD Mon Jul 25 12:07:14 2016: {u'DASH': 0.0, u'USD': 9.70302202, u'RUB': 0.0, u'DOGE': 0.0, u'LTC': 0.0, u'BTC': 1e-08, u'ETH': 0.0, u'EUR': 0.0}
EXMO FLIP_ETH_USD Mon Jul 25 12:07:17 2016: {u'result': False, u'error': u'Error 50054: Insufficient funds'}
EXMO FLIP_ETH_USD Mon Jul 25 12:07:17 2016: Ошибка выставления ордера "buy": 
 Mon Jul 25 12:08:03 2016: Удаляем ордера по ETH_USD
EXMO FLIP_ETH_USD Mon Jul 25 12:08:03 2016: ask=13.559999  bid=13.200010
EXMO FLIP_ETH_USD Mon Jul 25 12:08:04 2016: {u'DASH': 0.0, u'USD': 9.70302202, u'RUB': 0.0, u'DOGE': 0.0, u'LTC': 0.0, u'BTC': 1e-08, u'ETH': 0.0, u'EUR': 0.0}
EXMO FLIP_ETH_USD Mon Jul 25 12:08:06 2016: {u'result': False, u'error': u'Error 50054: Insufficient funds'}
EXMO FLIP_ETH_USD Mon Jul 25 12:08:06 2016: Ошибка выставления ордера "buy": 
 Mon Jul 25 12:09:03 2016: Удаляем ордера по ETH_USD
EXMO FLIP_ETH_USD Mon Jul 25 12:09:03 2016: ask=13.559999  bid=13.201000
EXMO FLIP_ETH_USD Mon Jul 25 12:09:09 2016: {u'DASH': 0.0, u'USD': 9.70302202, u'RUB': 0.0, u'DOGE': 0.0, u'LTC': 0.0, u'BTC': 1e-08, u'ETH': 0.0, u'EUR': 0.0}
EXMO FLIP_ETH_USD Mon Jul 25 12:09:11 2016: {u'result': False, u'error': u'Error 50054: Insufficient funds'}
EXMO FLIP_ETH_USD Mon Jul 25 12:09:11 2016: Ошибка выставления ордера "buy": 
 Mon Jul 25 12:10:13 2016: Удаляем ордера по ETH_USD
EXMO FLIP_ETH_USD Mon Jul 25 12:10:13 2016: ask=13.559999  bid=13.201000
EXMO FLIP_ETH_USD Mon Jul 25 12:10:14 2016: {u'DASH': 0.0, u'USD': 9.70302202, u'RUB': 0.0, u'DOGE': 0.0, u'LTC': 0.0, u'BTC': 1e-08, u'ETH': 0.0, u'EUR': 0.0}
EXMO FLIP_ETH_USD Mon Jul 25 12:10:16 2016: {u'result': False, u'error': u'Error 50054: Insufficient funds'}
EXMO FLIP_ETH_USD Mon Jul 25 12:10:16 2016: Ошибка выставления ордера "buy": Error 50054: Insufficient funds
 Mon Jul 25 12:11:02 2016: Удаляем ордера по ETH_USD
EXMO FLIP_ETH_USD Mon Jul 25 12:11:03 2016: ask=13.559999  bid=13.201000
EXMO FLIP_ETH_USD Mon Jul 25 12:11:08 2016: {u'DASH': 0.0, u'USD': 9.70302202, u'RUB': 0.0, u'DOGE': 0.0, u'LTC': 0.0, u'BTC': 1e-08, u'ETH': 0.0, u'EUR': 0.0}
EXMO FLIP_ETH_USD Mon Jul 25 12:11:11 2016: Ошибка выставления ордера "buy": Error 50054: Insufficient funds
 Mon Jul 25 12:12:02 2016: Удаляем ордера по ETH_USD
EXMO FLIP_ETH_USD Mon Jul 25 12:12:03 2016: ask=13.559999  bid=13.201000
EXMO FLIP_ETH_USD Mon Jul 25 12:12:03 2016: {u'DASH': 0.0, u'USD': 9.70302202, u'RUB': 0.0, u'DOGE': 0.0, u'LTC': 0.0, u'BTC': 1e-08, u'ETH': 0.0, u'EUR': 0.0}
EXMO FLIP_ETH_USD Mon Jul 25 12:12:06 2016: Ордер "buy": ETH_USD: price=13.201001
 Mon Jul 25 12:13:03 2016: Удаляем ордера по ETH_USD
EXMO FLIP_ETH_USD Mon Jul 25 12:13:03 2016: ask=13.559999  bid=13.200010
EXMO FLIP_ETH_USD Mon Jul 25 12:13:04 2016: {u'DASH': 0.0, u'USD': 9.70302202, u'RUB': 0.0, u'DOGE': 0.0, u'LTC': 0.0, u'BTC': 1e-08, u'ETH': 0.0, u'EUR': 0.0}
EXMO FLIP_ETH_USD Mon Jul 25 12:13:06 2016: Ордер "buy": ETH_USD: price=13.200011
 Mon Jul 25 12:14:08 2016: Удаляем ордера по ETH_USD
EXMO FLIP_ETH_USD Mon Jul 25 12:14:09 2016: ask=13.559999  bid=13.202000
EXMO FLIP_ETH_USD Mon Jul 25 12:14:09 2016: {u'DASH': 0.0, u'USD': 9.70302202, u'RUB': 0.0, u'DOGE': 0.0, u'LTC': 0.0, u'BTC': 1e-08, u'ETH': 0.0, u'EUR': 0.0}
EXMO FLIP_ETH_USD Mon Jul 25 12:14:12 2016: Ордер "buy": ETH_USD: price=13.202001
 Mon Jul 25 12:15:03 2016: Удаляем ордера по ETH_USD
EXMO FLIP_ETH_USD Mon Jul 25 12:15:03 2016: ask=13.559999  bid=13.203000
EXMO FLIP_ETH_USD Mon Jul 25 12:15:04 2016: {u'DASH': 0.0, u'USD': 9.70302202, u'RUB': 0.0, u'DOGE': 0.0, u'LTC': 0.0, u'BTC': 1e-08, u'ETH': 0.0, u'EUR': 0.0}
EXMO FLIP_ETH_USD Mon Jul 25 12:15:07 2016: Ордер "buy": ETH_USD: price=13.203001
 Mon Jul 25 12:16:03 2016: Удаляем ордера по ETH_USD
EXMO FLIP_ETH_USD Mon Jul 25 12:16:03 2016: ask=13.559999  bid=13.204000
EXMO FLIP_ETH_USD Mon Jul 25 12:16:04 2016: {u'DASH': 0.0, u'USD': 9.70302202, u'RUB': 0.0, u'DOGE': 0.0, u'LTC': 0.0, u'BTC': 1e-08, u'ETH': 0.0, u'EUR': 0.0}
EXMO FLIP_ETH_USD Mon Jul 25 12:16:06 2016: Ордер "buy": ETH_USD: price=13.204001
 Mon Jul 25 12:17:04 2016: Удаляем ордера по ETH_USD
EXMO FLIP_ETH_USD Mon Jul 25 12:17:04 2016: ask=13.540000  bid=13.205000
EXMO FLIP_ETH_USD Mon Jul 25 12:17:06 2016: {u'DASH': 0.0, u'USD': 9.70302202, u'RUB': 0.0, u'DOGE': 0.0, u'LTC': 0.0, u'BTC': 1e-08, u'ETH': 0.0, u'EUR': 0.0}
EXMO FLIP_ETH_USD Mon Jul 25 12:17:08 2016: Ордер "buy": ETH_USD: price=13.205001
 Mon Jul 25 12:18:08 2016: Удаляем ордера по ETH_USD
EXMO FLIP_ETH_USD Mon Jul 25 12:18:08 2016: ask=13.540000  bid=13.205000
EXMO FLIP_ETH_USD Mon Jul 25 12:18:08 2016: {u'DASH': 0.0, u'USD': 9.70302202, u'RUB': 0.0, u'DOGE': 0.0, u'LTC': 0.0, u'BTC': 1e-08, u'ETH': 0.0, u'EUR': 0.0}
EXMO FLIP_ETH_USD Mon Jul 25 12:18:11 2016: Ордер "buy": ETH_USD: price=13.205001
 Mon Jul 25 12:19:03 2016: Удаляем ордера по ETH_USD
EXMO FLIP_ETH_USD Mon Jul 25 12:19:04 2016: ask=13.500000  bid=13.206001
EXMO FLIP_ETH_USD Mon Jul 25 12:19:05 2016: {u'DASH': 0.0, u'USD': 9.70302202, u'RUB': 0.0, u'DOGE': 0.0, u'LTC': 0.0, u'BTC': 1e-08, u'ETH': 0.0, u'EUR': 0.0}
EXMO FLIP_ETH_USD Mon Jul 25 12:19:07 2016: Ордер "buy": ETH_USD: price=13.206002
 Mon Jul 25 12:20:03 2016: Удаляем ордера по ETH_USD
EXMO FLIP_ETH_USD Mon Jul 25 12:20:04 2016: ask=13.500000  bid=13.207000
EXMO FLIP_ETH_USD Mon Jul 25 12:20:05 2016: {u'DASH': 0.0, u'USD': 9.70302202, u'RUB': 0.0, u'DOGE': 0.0, u'LTC': 0.0, u'BTC': 1e-08, u'ETH': 0.0, u'EUR': 0.0}
EXMO FLIP_ETH_USD Mon Jul 25 12:20:12 2016: Ордер "buy": ETH_USD: price=13.207001
 Mon Jul 25 12:21:03 2016: Удаляем ордера по ETH_USD
EXMO FLIP_ETH_USD Mon Jul 25 12:21:04 2016: ask=13.500000  bid=13.208000
EXMO FLIP_ETH_USD Mon Jul 25 12:21:04 2016: {u'DASH': 0.0, u'USD': 9.70302202, u'RUB': 0.0, u'DOGE': 0.0, u'LTC': 0.0, u'BTC': 1e-08, u'ETH': 0.0, u'EUR': 0.0}
EXMO FLIP_ETH_USD Mon Jul 25 12:21:07 2016: Ордер "buy": ETH_USD: price=13.208001
 Mon Jul 25 12:22:03 2016: Удаляем ордера по ETH_USD
EXMO FLIP_ETH_USD Mon Jul 25 12:22:04 2016: ask=13.559999  bid=13.208000
EXMO FLIP_ETH_USD Mon Jul 25 12:22:05 2016: {u'DASH': 0.0, u'USD': 9.70302202, u'RUB': 0.0, u'DOGE': 0.0, u'LTC': 0.0, u'BTC': 1e-08, u'ETH': 0.0, u'EUR': 0.0}
EXMO FLIP_ETH_USD Mon Jul 25 12:22:07 2016: Ордер "buy": ETH_USD: price=13.208001
 Mon Jul 25 12:23:09 2016: Удаляем ордера по ETH_USD
EXMO FLIP_ETH_USD Mon Jul 25 12:23:10 2016: ask=13.559999  bid=13.209000
EXMO FLIP_ETH_USD Mon Jul 25 12:23:10 2016: {u'DASH': 0.0, u'USD': 9.70302202, u'RUB': 0.0, u'DOGE': 0.0, u'LTC': 0.0, u'BTC': 1e-08, u'ETH': 0.0, u'EUR': 0.0}
EXMO FLIP_ETH_USD Mon Jul 25 12:23:13 2016: Ордер "buy": ETH_USD: price=13.209001
 Mon Jul 25 12:24:03 2016: Удаляем ордера по ETH_USD
EXMO FLIP_ETH_USD Mon Jul 25 12:24:04 2016: ask=13.559999  bid=13.251000
EXMO FLIP_ETH_USD Mon Jul 25 12:24:05 2016: {u'DASH': 0.0, u'USD': 9.70302202, u'RUB': 0.0, u'DOGE': 0.0, u'LTC': 0.0, u'BTC': 1e-08, u'ETH': 0.0, u'EUR': 0.0}
EXMO FLIP_ETH_USD Mon Jul 25 12:24:08 2016: Ордер "buy": ETH_USD: price=13.251001
 Mon Jul 25 12:25:02 2016: Удаляем ордера по ETH_USD
EXMO FLIP_ETH_USD Mon Jul 25 12:25:03 2016: ask=13.400000  bid=13.300000
EXMO FLIP_ETH_USD Mon Jul 25 12:25:03 2016: {u'DASH': 0.0, u'USD': 9.70302202, u'RUB': 0.0, u'DOGE': 0.0, u'LTC': 0.0, u'BTC': 1e-08, u'ETH': 0.0, u'EUR': 0.0}
EXMO FLIP_ETH_USD Mon Jul 25 12:25:06 2016: Ордер "buy": ETH_USD: price=13.300001
 Mon Jul 25 12:26:08 2016: Удаляем ордера по ETH_USD
EXMO FLIP_ETH_USD Mon Jul 25 12:26:08 2016: ask=13.400000  bid=13.300001
EXMO FLIP_ETH_USD Mon Jul 25 12:26:09 2016: {u'DASH': 0.0, u'USD': 9.70302202, u'RUB': 0.0, u'DOGE': 0.0, u'LTC': 0.0, u'BTC': 1e-08, u'ETH': 0.0, u'EUR': 0.0}
EXMO FLIP_ETH_USD Mon Jul 25 12:26:16 2016: Ордер "buy": ETH_USD: price=13.300002
 Mon Jul 25 12:27:03 2016: Удаляем ордера по ETH_USD
EXMO FLIP_ETH_USD Mon Jul 25 12:27:04 2016: ask=13.559999  bid=13.350000
EXMO FLIP_ETH_USD Mon Jul 25 12:27:05 2016: {u'DASH': 0.0, u'USD': 9.70302202, u'RUB': 0.0, u'DOGE': 0.0, u'LTC': 0.0, u'BTC': 1e-08, u'ETH': 0.0, u'EUR': 0.0}
EXMO FLIP_ETH_USD Mon Jul 25 12:27:07 2016: Ордер "buy": ETH_USD: price=13.350001
 Mon Jul 25 12:28:02 2016: Удаляем ордера по ETH_USD
EXMO FLIP_ETH_USD Mon Jul 25 12:28:08 2016: ask=13.550000  bid=13.350001
EXMO FLIP_ETH_USD Mon Jul 25 12:28:08 2016: {u'DASH': 0.0, u'USD': 9.70302202, u'RUB': 0.0, u'DOGE': 0.0, u'LTC': 0.0, u'BTC': 1e-08, u'ETH': 0.0, u'EUR': 0.0}
EXMO FLIP_ETH_USD Mon Jul 25 12:28:11 2016: Ордер "buy": ETH_USD: price=13.350002
 Mon Jul 25 12:29:03 2016: Удаляем ордера по ETH_USD
EXMO FLIP_ETH_USD Mon Jul 25 12:29:03 2016: ask=13.559999  bid=13.350002
EXMO FLIP_ETH_USD Mon Jul 25 12:29:04 2016: {u'DASH': 0.0, u'USD': 9.70302202, u'RUB': 0.0, u'DOGE': 0.0, u'LTC': 0.0, u'BTC': 1e-08, u'ETH': 0.0, u'EUR': 0.0}
EXMO FLIP_ETH_USD Mon Jul 25 12:29:06 2016: Ордер "buy": ETH_USD: price=13.350003
 Mon Jul 25 12:30:04 2016: Удаляем ордера по ETH_USD
EXMO FLIP_ETH_USD Mon Jul 25 12:30:04 2016: ask=13.559999  bid=13.351000
EXMO FLIP_ETH_USD Mon Jul 25 12:30:05 2016: {u'DASH': 0.0, u'USD': 9.70302202, u'RUB': 0.0, u'DOGE': 0.0, u'LTC': 0.0, u'BTC': 1e-08, u'ETH': 0.0, u'EUR': 0.0}
EXMO FLIP_ETH_USD Mon Jul 25 12:30:07 2016: Ордер "buy": ETH_USD: price=13.351001
 Mon Jul 25 12:31:08 2016: Удаляем ордера по ETH_USD
EXMO FLIP_ETH_USD Mon Jul 25 12:31:09 2016: ask=13.559999  bid=13.352000
EXMO FLIP_ETH_USD Mon Jul 25 12:31:09 2016: {u'DASH': 0.0, u'USD': 9.70302202, u'RUB': 0.0, u'DOGE': 0.0, u'LTC': 0.0, u'BTC': 1e-08, u'ETH': 0.0, u'EUR': 0.0}
EXMO FLIP_ETH_USD Mon Jul 25 12:31:17 2016: Ордер "buy": ETH_USD: price=13.352001
 Mon Jul 25 12:32:03 2016: Удаляем ордера по ETH_USD
EXMO FLIP_ETH_USD Mon Jul 25 12:32:03 2016: ask=13.550000  bid=13.352000
EXMO FLIP_ETH_USD Mon Jul 25 12:32:04 2016: {u'DASH': 0.0, u'USD': 8.29910505, u'RUB': 0.0, u'DOGE': 0.0, u'LTC': 0.0, u'BTC': 1e-08, u'ETH': 0.10493627, u'EUR': 0.0}
EXMO FLIP_ETH_USD Mon Jul 25 12:32:04 2016: Ордер "sell": ETH_USD: price=13.549999
EXMO FLIP_ETH_USD Mon Jul 25 12:32:07 2016: Ордер "buy": ETH_USD: price=13.352001
 Mon Jul 25 12:33:08 2016: Удаляем ордера по ETH_USD
EXMO FLIP_ETH_USD Mon Jul 25 12:33:14 2016: ask=13.540000  bid=13.353000
EXMO FLIP_ETH_USD Mon Jul 25 12:33:14 2016: {u'DASH': 0.0, u'USD': 8.29910505, u'RUB': 0.0, u'DOGE': 0.0, u'LTC': 0.0, u'BTC': 1e-08, u'ETH': 0.10493627, u'EUR': 0.0}
EXMO FLIP_ETH_USD Mon Jul 25 12:33:15 2016: Ордер "sell": ETH_USD: price=13.539999
EXMO FLIP_ETH_USD Mon Jul 25 12:33:17 2016: Ордер "buy": ETH_USD: price=13.353001
 Mon Jul 25 12:34:08 2016: Удаляем ордера по ETH_USD
EXMO FLIP_ETH_USD Mon Jul 25 12:34:09 2016: ask=13.539999  bid=13.354000
EXMO FLIP_ETH_USD Mon Jul 25 12:34:09 2016: {u'DASH': 0.0, u'USD': 8.29910505, u'RUB': 0.0, u'DOGE': 0.0, u'LTC': 0.0, u'BTC': 1e-08, u'ETH': 0.10493627, u'EUR': 0.0}
EXMO FLIP_ETH_USD Mon Jul 25 12:34:10 2016: Ордер "sell": ETH_USD: price=13.539998
EXMO FLIP_ETH_USD Mon Jul 25 12:34:12 2016: Ордер "buy": ETH_USD: price=13.354001
 Mon Jul 25 12:35:03 2016: Удаляем ордера по ETH_USD
EXMO FLIP_ETH_USD Mon Jul 25 12:35:03 2016: ask=13.540000  bid=13.355000
EXMO FLIP_ETH_USD Mon Jul 25 12:35:04 2016: {u'DASH': 0.0, u'USD': 8.29910505, u'RUB': 0.0, u'DOGE': 0.0, u'LTC': 0.0, u'BTC': 1e-08, u'ETH': 0.10493627, u'EUR': 0.0}
EXMO FLIP_ETH_USD Mon Jul 25 12:35:04 2016: Ордер "sell": ETH_USD: price=13.539999
EXMO FLIP_ETH_USD Mon Jul 25 12:35:07 2016: Ордер "buy": ETH_USD: price=13.355001
 Mon Jul 25 12:36:03 2016: Удаляем ордера по ETH_USD
EXMO FLIP_ETH_USD Mon Jul 25 12:36:04 2016: ask=13.540000  bid=13.400000
EXMO FLIP_ETH_USD Mon Jul 25 12:36:04 2016: {u'DASH': 0.0, u'USD': 8.29910505, u'RUB': 0.0, u'DOGE': 0.0, u'LTC': 0.0, u'BTC': 1e-08, u'ETH': 0.10493627, u'EUR': 0.0}
EXMO FLIP_ETH_USD Mon Jul 25 12:36:05 2016: Ордер "sell": ETH_USD: price=13.539999
EXMO FLIP_ETH_USD Mon Jul 25 12:36:07 2016: Ордер "buy": ETH_USD: price=13.400001
 Mon Jul 25 12:37:09 2016: Удаляем ордера по ETH_USD
EXMO FLIP_ETH_USD Mon Jul 25 12:37:10 2016: ask=13.540000  bid=13.400000
EXMO FLIP_ETH_USD Mon Jul 25 12:37:10 2016: {u'DASH': 0.0, u'USD': 8.29910505, u'RUB': 0.0, u'DOGE': 0.0, u'LTC': 0.0, u'BTC': 1e-08, u'ETH': 0.10493627, u'EUR': 0.0}
EXMO FLIP_ETH_USD Mon Jul 25 12:37:11 2016: Ордер "sell": ETH_USD: price=13.539999
EXMO FLIP_ETH_USD Mon Jul 25 12:37:13 2016: Ордер "buy": ETH_USD: price=13.400001
 Mon Jul 25 12:38:08 2016: Удаляем ордера по ETH_USD
EXMO FLIP_ETH_USD Mon Jul 25 12:38:08 2016: ask=13.540000  bid=13.401000
EXMO FLIP_ETH_USD Mon Jul 25 12:38:09 2016: {u'DASH': 0.0, u'USD': 8.29910505, u'RUB': 0.0, u'DOGE': 0.0, u'LTC': 0.0, u'BTC': 1e-08, u'ETH': 0.10493627, u'EUR': 0.0}
EXMO FLIP_ETH_USD Mon Jul 25 12:38:09 2016: Ордер "sell": ETH_USD: price=13.539999
EXMO FLIP_ETH_USD Mon Jul 25 12:38:17 2016: Ордер "buy": ETH_USD: price=13.401001
 Mon Jul 25 12:39:03 2016: Удаляем ордера по ETH_USD
EXMO FLIP_ETH_USD Mon Jul 25 12:39:04 2016: ask=13.540000  bid=13.000000
EXMO FLIP_ETH_USD Mon Jul 25 12:39:04 2016: {u'DASH': 0.0, u'USD': 8e-08, u'RUB': 0.0, u'DOGE': 0.0, u'LTC': 0.0, u'BTC': 1e-08, u'ETH': 0.72298763, u'EUR': 0.0}
EXMO FLIP_ETH_USD Mon Jul 25 12:39:06 2016: Ордер "sell": ETH_USD: price=13.539999
EXMO FLIP_ETH_USD Mon Jul 25 12:39:08 2016: Ошибка выставления ордера "buy": quantity expected in range 0.001000 - 1000.000000!
 Mon Jul 25 12:40:03 2016: Удаляем ордера по ETH_USD
EXMO FLIP_ETH_USD Mon Jul 25 12:40:04 2016: ask=13.539998  bid=13.000000
EXMO FLIP_ETH_USD Mon Jul 25 12:40:04 2016: {u'DASH': 0.0, u'USD': 8e-08, u'RUB': 0.0, u'DOGE': 0.0, u'LTC': 0.0, u'BTC': 1e-08, u'ETH': 0.72298763, u'EUR': 0.0}
EXMO FLIP_ETH_USD Mon Jul 25 12:40:05 2016: Ордер "sell": ETH_USD: price=13.539997
EXMO FLIP_ETH_USD Mon Jul 25 12:40:07 2016: Ошибка выставления ордера "buy": quantity expected in range 0.001000 - 1000.000000!
 Mon Jul 25 12:41:04 2016: Удаляем ордера по ETH_USD
EXMO FLIP_ETH_USD Mon Jul 25 12:41:04 2016: ask=13.539998  bid=13.240000
EXMO FLIP_ETH_USD Mon Jul 25 12:41:05 2016: {u'DASH': 0.0, u'USD': 8e-08, u'RUB': 0.0, u'DOGE': 0.0, u'LTC': 0.0, u'BTC': 1e-08, u'ETH': 0.72298763, u'EUR': 0.0}
EXMO FLIP_ETH_USD Mon Jul 25 12:41:06 2016: Ордер "sell": ETH_USD: price=13.539997
EXMO FLIP_ETH_USD Mon Jul 25 12:41:08 2016: Ошибка выставления ордера "buy": quantity expected in range 0.001000 - 1000.000000!
 Mon Jul 25 12:42:02 2016: Удаляем ордера по ETH_USD
EXMO FLIP_ETH_USD Mon Jul 25 12:42:03 2016: ask=13.539998  bid=13.240001
EXMO FLIP_ETH_USD Mon Jul 25 12:42:03 2016: {u'DASH': 0.0, u'USD': 8e-08, u'RUB': 0.0, u'DOGE': 0.0, u'LTC': 0.0, u'BTC': 1e-08, u'ETH': 0.72298763, u'EUR': 0.0}
EXMO FLIP_ETH_USD Mon Jul 25 12:42:04 2016: Ордер "sell": ETH_USD: price=13.539997
EXMO FLIP_ETH_USD Mon Jul 25 12:42:06 2016: Ошибка выставления ордера "buy": quantity expected in range 0.001000 - 1000.000000!
 Mon Jul 25 12:43:02 2016: Удаляем ордера по ETH_USD
EXMO FLIP_ETH_USD Mon Jul 25 12:43:03 2016: ask=13.539998  bid=13.400000
EXMO FLIP_ETH_USD Mon Jul 25 12:43:03 2016: {u'DASH': 0.0, u'USD': 8e-08, u'RUB': 0.0, u'DOGE': 0.0, u'LTC': 0.0, u'BTC': 1e-08, u'ETH': 0.72298763, u'EUR': 0.0}
EXMO FLIP_ETH_USD Mon Jul 25 12:43:04 2016: Ордер "sell": ETH_USD: price=13.539997
EXMO FLIP_ETH_USD Mon Jul 25 12:43:06 2016: Ошибка выставления ордера "buy": quantity expected in range 0.001000 - 1000.000000!
 Mon Jul 25 12:44:03 2016: Удаляем ордера по ETH_USD
EXMO FLIP_ETH_USD Mon Jul 25 12:44:09 2016: ask=13.539998  bid=13.400000
EXMO FLIP_ETH_USD Mon Jul 25 12:44:09 2016: {u'DASH': 0.0, u'USD': 8e-08, u'RUB': 0.0, u'DOGE': 0.0, u'LTC': 0.0, u'BTC': 1e-08, u'ETH': 0.72298763, u'EUR': 0.0}
EXMO FLIP_ETH_USD Mon Jul 25 12:44:09 2016: Ордер "sell": ETH_USD: price=13.539997
EXMO FLIP_ETH_USD Mon Jul 25 12:44:11 2016: Ошибка выставления ордера "buy": quantity expected in range 0.001000 - 1000.000000!
 Mon Jul 25 12:45:08 2016: Удаляем ордера по ETH_USD
EXMO FLIP_ETH_USD Mon Jul 25 12:45:09 2016: ask=13.539998  bid=13.400000
EXMO FLIP_ETH_USD Mon Jul 25 12:45:09 2016: {u'DASH': 0.0, u'USD': 8e-08, u'RUB': 0.0, u'DOGE': 0.0, u'LTC': 0.0, u'BTC': 1e-08, u'ETH': 0.72298763, u'EUR': 0.0}
EXMO FLIP_ETH_USD Mon Jul 25 12:45:10 2016: Ордер "sell": ETH_USD: price=13.539997
EXMO FLIP_ETH_USD Mon Jul 25 12:45:12 2016: Ошибка выставления ордера "buy": quantity expected in range 0.001000 - 1000.000000!
 Mon Jul 25 12:46:03 2016: Удаляем ордера по ETH_USD
EXMO FLIP_ETH_USD Mon Jul 25 12:46:04 2016: ask=13.539998  bid=13.400000
EXMO FLIP_ETH_USD Mon Jul 25 12:46:04 2016: {u'DASH': 0.0, u'USD': 8e-08, u'RUB': 0.0, u'DOGE': 0.0, u'LTC': 0.0, u'BTC': 1e-08, u'ETH': 0.72298763, u'EUR': 0.0}
EXMO FLIP_ETH_USD Mon Jul 25 12:46:05 2016: Ордер "sell": ETH_USD: price=13.539997
EXMO FLIP_ETH_USD Mon Jul 25 12:46:07 2016: Ошибка выставления ордера "buy": quantity expected in range 0.001000 - 1000.000000!
 Mon Jul 25 12:47:07 2016: Удаляем ордера по ETH_USD
EXMO FLIP_ETH_USD Mon Jul 25 12:47:08 2016: ask=13.539998  bid=13.400000
EXMO FLIP_ETH_USD Mon Jul 25 12:47:08 2016: {u'DASH': 0.0, u'USD': 8e-08, u'RUB': 0.0, u'DOGE': 0.0, u'LTC': 0.0, u'BTC': 1e-08, u'ETH': 0.72298763, u'EUR': 0.0}
EXMO FLIP_ETH_USD Mon Jul 25 12:47:09 2016: Ордер "sell": ETH_USD: price=13.539997
EXMO FLIP_ETH_USD Mon Jul 25 12:47:11 2016: Ошибка выставления ордера "buy": quantity expected in range 0.001000 - 1000.000000!
 Mon Jul 25 12:48:03 2016: Удаляем ордера по ETH_USD
EXMO FLIP_ETH_USD Mon Jul 25 12:48:03 2016: ask=13.539998  bid=13.400000
EXMO FLIP_ETH_USD Mon Jul 25 12:48:04 2016: {u'DASH': 0.0, u'USD': 8e-08, u'RUB': 0.0, u'DOGE': 0.0, u'LTC': 0.0, u'BTC': 1e-08, u'ETH': 0.72298763, u'EUR': 0.0}
EXMO FLIP_ETH_USD Mon Jul 25 12:48:04 2016: Ордер "sell": ETH_USD: price=13.539997
EXMO FLIP_ETH_USD Mon Jul 25 12:48:06 2016: Ошибка выставления ордера "buy": quantity expected in range 0.001000 - 1000.000000!
 Mon Jul 25 12:49:03 2016: Удаляем ордера по ETH_USD
EXMO FLIP_ETH_USD Mon Jul 25 12:49:03 2016: ask=13.539998  bid=13.400000
EXMO FLIP_ETH_USD Mon Jul 25 12:49:04 2016: {u'DASH': 0.0, u'USD': 8e-08, u'RUB': 0.0, u'DOGE': 0.0, u'LTC': 0.0, u'BTC': 1e-08, u'ETH': 0.72298763, u'EUR': 0.0}
EXMO FLIP_ETH_USD Mon Jul 25 12:49:04 2016: Ордер "sell": ETH_USD: price=13.539997
EXMO FLIP_ETH_USD Mon Jul 25 12:49:06 2016: Ошибка выставления ордера "buy": quantity expected in range 0.001000 - 1000.000000!
 Mon Jul 25 12:50:03 2016: Удаляем ордера по ETH_USD
EXMO FLIP_ETH_USD Mon Jul 25 12:50:03 2016: ask=13.539998  bid=13.400000
EXMO FLIP_ETH_USD Mon Jul 25 12:50:04 2016: {u'DASH': 0.0, u'USD': 8e-08, u'RUB': 0.0, u'DOGE': 0.0, u'LTC': 0.0, u'BTC': 1e-08, u'ETH': 0.72298763, u'EUR': 0.0}
EXMO FLIP_ETH_USD Mon Jul 25 12:50:05 2016: Ордер "sell": ETH_USD: price=13.539997
EXMO FLIP_ETH_USD Mon Jul 25 12:50:07 2016: Ошибка выставления ордера "buy": quantity expected in range 0.001000 - 1000.000000!
 Mon Jul 25 12:51:07 2016: Удаляем ордера по ETH_USD
EXMO FLIP_ETH_USD Mon Jul 25 12:51:08 2016: ask=13.539998  bid=13.400000
EXMO FLIP_ETH_USD Mon Jul 25 12:51:08 2016: {u'DASH': 0.0, u'USD': 8e-08, u'RUB': 0.0, u'DOGE': 0.0, u'LTC': 0.0, u'BTC': 1e-08, u'ETH': 0.72298763, u'EUR': 0.0}
EXMO FLIP_ETH_USD Mon Jul 25 12:51:09 2016: Ордер "sell": ETH_USD: price=13.539997
EXMO FLIP_ETH_USD Mon Jul 25 12:51:11 2016: Ошибка выставления ордера "buy": quantity expected in range 0.001000 - 1000.000000!
 Mon Jul 25 12:52:03 2016: Удаляем ордера по ETH_USD
EXMO FLIP_ETH_USD Mon Jul 25 12:52:03 2016: ask=13.570000  bid=13.400000
EXMO FLIP_ETH_USD Mon Jul 25 12:52:04 2016: {u'DASH': 0.0, u'USD': 8e-08, u'RUB': 0.0, u'DOGE': 0.0, u'LTC': 0.0, u'BTC': 1e-08, u'ETH': 0.72298763, u'EUR': 0.0}
EXMO FLIP_ETH_USD Mon Jul 25 12:52:05 2016: Ордер "sell": ETH_USD: price=13.569999
EXMO FLIP_ETH_USD Mon Jul 25 12:52:07 2016: Ошибка выставления ордера "buy": quantity expected in range 0.001000 - 1000.000000!
 Mon Jul 25 12:53:02 2016: Удаляем ордера по ETH_USD
EXMO FLIP_ETH_USD Mon Jul 25 12:53:03 2016: ask=13.569000  bid=13.400000
EXMO FLIP_ETH_USD Mon Jul 25 12:53:03 2016: {u'DASH': 0.0, u'USD': 8e-08, u'RUB': 0.0, u'DOGE': 0.0, u'LTC': 0.0, u'BTC': 1e-08, u'ETH': 0.72298763, u'EUR': 0.0}
EXMO FLIP_ETH_USD Mon Jul 25 12:53:04 2016: Ордер "sell": ETH_USD: price=13.568999
EXMO FLIP_ETH_USD Mon Jul 25 12:53:06 2016: Ошибка выставления ордера "buy": quantity expected in range 0.001000 - 1000.000000!
 Mon Jul 25 12:54:02 2016: Удаляем ордера по ETH_USD
EXMO FLIP_ETH_USD Mon Jul 25 12:54:03 2016: ask=13.568000  bid=13.400000
EXMO FLIP_ETH_USD Mon Jul 25 12:54:03 2016: {u'DASH': 0.0, u'USD': 8e-08, u'RUB': 0.0, u'DOGE': 0.0, u'LTC': 0.0, u'BTC': 1e-08, u'ETH': 0.72298763, u'EUR': 0.0}
EXMO FLIP_ETH_USD Mon Jul 25 12:54:04 2016: Ордер "sell": ETH_USD: price=13.567999
EXMO FLIP_ETH_USD Mon Jul 25 12:54:06 2016: Ошибка выставления ордера "buy": quantity expected in range 0.001000 - 1000.000000!
 Mon Jul 25 12:55:13 2016: Удаляем ордера по ETH_USD
EXMO FLIP_ETH_USD Mon Jul 25 12:55:13 2016: ask=13.568000  bid=13.400000
EXMO FLIP_ETH_USD Mon Jul 25 12:55:14 2016: {u'DASH': 0.0, u'USD': 8e-08, u'RUB': 0.0, u'DOGE': 0.0, u'LTC': 0.0, u'BTC': 1e-08, u'ETH': 0.72298763, u'EUR': 0.0}
EXMO FLIP_ETH_USD Mon Jul 25 12:55:14 2016: Ордер "sell": ETH_USD: price=13.567999
EXMO FLIP_ETH_USD Mon Jul 25 12:55:16 2016: Ошибка выставления ордера "buy": quantity expected in range 0.001000 - 1000.000000!
 Mon Jul 25 12:56:03 2016: Удаляем ордера по ETH_USD
EXMO FLIP_ETH_USD Mon Jul 25 12:56:03 2016: ask=13.567000  bid=13.400000
EXMO FLIP_ETH_USD Mon Jul 25 12:56:04 2016: {u'DASH': 0.0, u'USD': 8e-08, u'RUB': 0.0, u'DOGE': 0.0, u'LTC': 0.0, u'BTC': 1e-08, u'ETH': 0.72298763, u'EUR': 0.0}
EXMO FLIP_ETH_USD Mon Jul 25 12:56:05 2016: Ордер "sell": ETH_USD: price=13.566999
EXMO FLIP_ETH_USD Mon Jul 25 12:56:07 2016: Ошибка выставления ордера "buy": quantity expected in range 0.001000 - 1000.000000!
 Mon Jul 25 12:57:03 2016: Удаляем ордера по ETH_USD
EXMO FLIP_ETH_USD Mon Jul 25 12:57:04 2016: ask=13.566000  bid=13.100002
EXMO FLIP_ETH_USD Mon Jul 25 12:57:04 2016: {u'DASH': 0.0, u'USD': 8e-08, u'RUB': 0.0, u'DOGE': 0.0, u'LTC': 0.0, u'BTC': 1e-08, u'ETH': 0.72298763, u'EUR': 0.0}
EXMO FLIP_ETH_USD Mon Jul 25 12:57:05 2016: Ордер "sell": ETH_USD: price=13.565999
EXMO FLIP_ETH_USD Mon Jul 25 12:57:07 2016: Ошибка выставления ордера "buy": quantity expected in range 0.001000 - 1000.000000!
 Mon Jul 25 12:58:03 2016: Удаляем ордера по ETH_USD
EXMO FLIP_ETH_USD Mon Jul 25 12:58:03 2016: ask=13.566000  bid=13.100002
EXMO FLIP_ETH_USD Mon Jul 25 12:58:09 2016: {u'DASH': 0.0, u'USD': 8e-08, u'RUB': 0.0, u'DOGE': 0.0, u'LTC': 0.0, u'BTC': 1e-08, u'ETH': 0.72298763, u'EUR': 0.0}
EXMO FLIP_ETH_USD Mon Jul 25 12:58:09 2016: Ордер "sell": ETH_USD: price=13.565999
EXMO FLIP_ETH_USD Mon Jul 25 12:58:11 2016: Ошибка выставления ордера "buy": quantity expected in range 0.001000 - 1000.000000!
 Mon Jul 25 12:59:09 2016: Удаляем ордера по ETH_USD
EXMO FLIP_ETH_USD Mon Jul 25 12:59:10 2016: ask=13.566000  bid=13.100002
EXMO FLIP_ETH_USD Mon Jul 25 12:59:10 2016: {u'DASH': 0.0, u'USD': 8e-08, u'RUB': 0.0, u'DOGE': 0.0, u'LTC': 0.0, u'BTC': 1e-08, u'ETH': 0.72298763, u'EUR': 0.0}
EXMO FLIP_ETH_USD Mon Jul 25 12:59:11 2016: Ордер "sell": ETH_USD: price=13.565999
EXMO FLIP_ETH_USD Mon Jul 25 12:59:13 2016: Ошибка выставления ордера "buy": quantity expected in range 0.001000 - 1000.000000!
 Mon Jul 25 13:00:08 2016: Удаляем ордера по ETH_USD
EXMO FLIP_ETH_USD Mon Jul 25 13:00:08 2016: ask=13.565000  bid=13.100002
EXMO FLIP_ETH_USD Mon Jul 25 13:00:09 2016: {u'DASH': 0.0, u'USD': 8e-08, u'RUB': 0.0, u'DOGE': 0.0, u'LTC': 0.0, u'BTC': 1e-08, u'ETH': 0.72298763, u'EUR': 0.0}
EXMO FLIP_ETH_USD Mon Jul 25 13:00:09 2016: Ордер "sell": ETH_USD: price=13.564999
EXMO FLIP_ETH_USD Mon Jul 25 13:00:11 2016: Ошибка выставления ордера "buy": quantity expected in range 0.001000 - 1000.000000!
 Mon Jul 25 13:01:03 2016: Удаляем ордера по ETH_USD
EXMO FLIP_ETH_USD Mon Jul 25 13:01:03 2016: ask=13.500000  bid=13.100002
EXMO FLIP_ETH_USD Mon Jul 25 13:01:04 2016: {u'DASH': 0.0, u'USD': 8e-08, u'RUB': 0.0, u'DOGE': 0.0, u'LTC': 0.0, u'BTC': 1e-08, u'ETH': 0.72298763, u'EUR': 0.0}
EXMO FLIP_ETH_USD Mon Jul 25 13:01:04 2016: Ордер "sell": ETH_USD: price=13.499999
EXMO FLIP_ETH_USD Mon Jul 25 13:01:06 2016: Ошибка выставления ордера "buy": quantity expected in range 0.001000 - 1000.000000!
 Mon Jul 25 13:02:08 2016: Удаляем ордера по ETH_USD
EXMO FLIP_ETH_USD Mon Jul 25 13:02:09 2016: ask=13.500000  bid=13.100002
EXMO FLIP_ETH_USD Mon Jul 25 13:02:10 2016: {u'DASH': 0.0, u'USD': 8e-08, u'RUB': 0.0, u'DOGE': 0.0, u'LTC': 0.0, u'BTC': 1e-08, u'ETH': 0.72298763, u'EUR': 0.0}
EXMO FLIP_ETH_USD Mon Jul 25 13:02:10 2016: Ордер "sell": ETH_USD: price=13.499999
EXMO FLIP_ETH_USD Mon Jul 25 13:02:12 2016: Ошибка выставления ордера "buy": quantity expected in range 0.001000 - 1000.000000!
 Mon Jul 25 13:03:08 2016: Удаляем ордера по ETH_USD
EXMO FLIP_ETH_USD Mon Jul 25 13:03:09 2016: ask=13.499000  bid=13.100002
EXMO FLIP_ETH_USD Mon Jul 25 13:03:14 2016: {u'DASH': 0.0, u'USD': 8e-08, u'RUB': 0.0, u'DOGE': 0.0, u'LTC': 0.0, u'BTC': 1e-08, u'ETH': 0.72298763, u'EUR': 0.0}
EXMO FLIP_ETH_USD Mon Jul 25 13:03:15 2016: Ордер "sell": ETH_USD: price=13.498999
EXMO FLIP_ETH_USD Mon Jul 25 13:03:17 2016: Ошибка выставления ордера "buy": quantity expected in range 0.001000 - 1000.000000!
 Mon Jul 25 13:04:03 2016: Удаляем ордера по ETH_USD
EXMO FLIP_ETH_USD Mon Jul 25 13:04:05 2016: ask=13.498000  bid=13.100002
EXMO FLIP_ETH_USD Mon Jul 25 13:04:05 2016: {u'DASH': 0.0, u'USD': 8e-08, u'RUB': 0.0, u'DOGE': 0.0, u'LTC': 0.0, u'BTC': 1e-08, u'ETH': 0.72298763, u'EUR': 0.0}
EXMO FLIP_ETH_USD Mon Jul 25 13:04:07 2016: Ордер "sell": ETH_USD: price=13.497999
EXMO FLIP_ETH_USD Mon Jul 25 13:04:09 2016: Ошибка выставления ордера "buy": quantity expected in range 0.001000 - 1000.000000!
