BTC-E FLIP_ETH_USD Fri Jul 29 23:28:19 2016: pair: ETH_USD  mode: 0
BTC-E FLIP_ETH_USD Fri Jul 29 23:28:19 2016: Удаляем ордера по ETH_USD в сессии None
BTC-E FLIP_ETH_USD Fri Jul 29 23:28:19 2016: pair ETH_USD: ask=12.600000  bid=12.573590
BTC-E FLIP_ETH_USD Fri Jul 29 23:28:19 2016: Balance: ETH = 0.000000; USD = 14.740811
BTC-E FLIP_ETH_USD Fri Jul 29 23:28:22 2016: Ошибка выставления ордера "buy": You incorrectly entered one of fields.
BTC-E FLIP_ETH_USD Fri Jul 29 23:30:03 2016: pair: ETH_USD  mode: 0
BTC-E FLIP_ETH_USD Fri Jul 29 23:30:04 2016: Удаляем ордера по ETH_USD в сессии None
BTC-E FLIP_ETH_USD Fri Jul 29 23:30:04 2016: pair ETH_USD: ask=12.573590  bid=12.569930
BTC-E FLIP_ETH_USD Fri Jul 29 23:30:04 2016: Balance: ETH = 0.000000; USD = 14.740811
BTC-E FLIP_ETH_USD Fri Jul 29 23:30:07 2016: Ошибка выставления ордера "buy": You incorrectly entered one of fields.
BTC-E FLIP_ETH_USD Fri Jul 29 23:32:03 2016: pair: ETH_USD  mode: 0
BTC-E FLIP_ETH_USD Fri Jul 29 23:32:03 2016: Удаляем ордера по ETH_USD в сессии None
BTC-E FLIP_ETH_USD Fri Jul 29 23:32:04 2016: pair ETH_USD: ask=12.630000  bid=12.569940
BTC-E FLIP_ETH_USD Fri Jul 29 23:32:04 2016: Balance: ETH = 0.000000; USD = 14.740811
BTC-E FLIP_ETH_USD Fri Jul 29 23:32:06 2016: Ошибка выставления ордера "buy": You incorrectly entered one of fields.
BTC-E FLIP_ETH_USD Fri Jul 29 23:34:03 2016: pair: ETH_USD  mode: 0
BTC-E FLIP_ETH_USD Fri Jul 29 23:34:03 2016: Удаляем ордера по ETH_USD в сессии 1
BTC-E FLIP_ETH_USD Fri Jul 29 23:34:03 2016: pair ETH_USD: ask=12.629990  bid=12.569940
BTC-E FLIP_ETH_USD Fri Jul 29 23:34:04 2016: Balance: ETH = 0.000000; USD = 14.740811
BTC-E FLIP_ETH_USD Fri Jul 29 23:34:06 2016: Ошибка выставления ордера "buy": You incorrectly entered one of fields.
BTC-E FLIP_ETH_USD Fri Jul 29 23:36:03 2016: pair: ETH_USD  mode: 0
BTC-E FLIP_ETH_USD Fri Jul 29 23:36:04 2016: Удаляем ордера по ETH_USD в сессии 1
BTC-E FLIP_ETH_USD Fri Jul 29 23:36:04 2016: pair ETH_USD: ask=12.629990  bid=12.583110
BTC-E FLIP_ETH_USD Fri Jul 29 23:36:04 2016: Balance: ETH = 0.000000; USD = 14.740811
BTC-E FLIP_ETH_USD Fri Jul 29 23:36:07 2016: Ошибка выставления ордера "buy": You incorrectly entered one of fields.
BTC-E FLIP_ETH_USD Fri Jul 29 23:38:03 2016: ----------------------------------------
BTC-E FLIP_ETH_USD Fri Jul 29 23:38:03 2016: pair: ETH_USD  mode: 0
BTC-E FLIP_ETH_USD Fri Jul 29 23:38:03 2016: Удаляем ордера по ETH_USD в сессии 1
BTC-E FLIP_ETH_USD Fri Jul 29 23:38:03 2016: pair ETH_USD: ask=12.629990  bid=12.620220
BTC-E FLIP_ETH_USD Fri Jul 29 23:38:04 2016: Balance: ETH = 0.000000; USD = 14.740811
BTC-E FLIP_ETH_USD Fri Jul 29 23:38:06 2016: Ошибка выставления ордера "buy": You incorrectly entered one of fields.
BTC-E FLIP_ETH_USD Fri Jul 29 23:40:13 2016: ----------------------------------------
BTC-E FLIP_ETH_USD Fri Jul 29 23:40:13 2016: pair: ETH_USD  mode: 0
BTC-E FLIP_ETH_USD Fri Jul 29 23:40:13 2016: Удаляем ордера по ETH_USD в сессии 1
BTC-E FLIP_ETH_USD Fri Jul 29 23:40:13 2016: pair ETH_USD: ask=12.667700  bid=12.647830
BTC-E FLIP_ETH_USD Fri Jul 29 23:40:14 2016: Balance: ETH = 0.000000; USD = 14.740811
BTC-E FLIP_ETH_USD Fri Jul 29 23:40:16 2016: Ошибка выставления ордера "buy": You incorrectly entered one of fields.
BTC-E FLIP_ETH_USD Fri Jul 29 23:42:03 2016: ----------------------------------------
BTC-E FLIP_ETH_USD Fri Jul 29 23:42:03 2016: pair: ETH_USD  mode: 0
BTC-E FLIP_ETH_USD Fri Jul 29 23:42:04 2016: Удаляем ордера по ETH_USD в сессии 1
BTC-E FLIP_ETH_USD Fri Jul 29 23:42:04 2016: pair ETH_USD: ask=12.681190  bid=12.638830
BTC-E FLIP_ETH_USD Fri Jul 29 23:42:04 2016: Balance: ETH = 0.000000; USD = 14.740811
BTC-E FLIP_ETH_USD Fri Jul 29 23:42:07 2016: Ошибка выставления ордера "buy": You incorrectly entered one of fields.
BTC-E FLIP_ETH_USD Fri Jul 29 23:43:03 2016: ----------------------------------------
BTC-E FLIP_ETH_USD Fri Jul 29 23:43:03 2016: pair: ETH_USD  mode: 0
BTC-E FLIP_ETH_USD Fri Jul 29 23:43:03 2016: Удаляем ордера по ETH_USD в сессии 1
BTC-E FLIP_ETH_USD Fri Jul 29 23:43:04 2016: pair ETH_USD: ask=12.681190  bid=12.633460
BTC-E FLIP_ETH_USD Fri Jul 29 23:43:04 2016: Balance: ETH = 0.000000; USD = 14.740811
BTC-E FLIP_ETH_USD Fri Jul 29 23:43:06 2016: 1.Ошибка выставления ордера "buy": You incorrectly entered one of fields.
BTC-E FLIP_ETH_USD Fri Jul 29 23:44:13 2016: ----------------------------------------
BTC-E FLIP_ETH_USD Fri Jul 29 23:44:13 2016: pair: ETH_USD  mode: 0
BTC-E FLIP_ETH_USD Fri Jul 29 23:44:13 2016: Удаляем ордера по ETH_USD в сессии 1
BTC-E FLIP_ETH_USD Fri Jul 29 23:44:14 2016: pair ETH_USD: ask=12.680200  bid=12.592150
BTC-E FLIP_ETH_USD Fri Jul 29 23:44:15 2016: Balance: ETH = 0.000000; USD = 14.740811
BTC-E FLIP_ETH_USD Fri Jul 29 23:44:17 2016: 1.Ошибка выставления ордера "buy": You incorrectly entered one of fields.
BTC-E FLIP_ETH_USD Fri Jul 29 23:45:09 2016: ----------------------------------------
BTC-E FLIP_ETH_USD Fri Jul 29 23:45:09 2016: pair: ETH_USD  mode: 0
BTC-E FLIP_ETH_USD Fri Jul 29 23:45:09 2016: Удаляем ордера по ETH_USD в сессии 1
BTC-E FLIP_ETH_USD Fri Jul 29 23:45:10 2016: pair ETH_USD: ask=12.680190  bid=12.602720
BTC-E FLIP_ETH_USD Fri Jul 29 23:45:10 2016: Balance: ETH = 0.000000; USD = 14.740811
BTC-E FLIP_ETH_USD Fri Jul 29 23:45:12 2016: 1.Ошибка выставления ордера "buy": You incorrectly entered one of fields.
BTC-E FLIP_ETH_USD Fri Jul 29 23:46:03 2016: ----------------------------------------
BTC-E FLIP_ETH_USD Fri Jul 29 23:46:03 2016: pair: ETH_USD  mode: 0
BTC-E FLIP_ETH_USD Fri Jul 29 23:46:03 2016: Удаляем ордера по ETH_USD в сессии 1
BTC-E FLIP_ETH_USD Fri Jul 29 23:46:04 2016: pair ETH_USD: ask=12.680120  bid=12.597140
BTC-E FLIP_ETH_USD Fri Jul 29 23:46:05 2016: Balance: ETH = 0.000000; USD = 14.740811
BTC-E FLIP_ETH_USD Fri Jul 29 23:46:07 2016: 1.Ошибка выставления ордера "buy": You incorrectly entered one of fields.
BTC-E FLIP_ETH_USD Fri Jul 29 23:47:03 2016: ----------------------------------------
BTC-E FLIP_ETH_USD Fri Jul 29 23:47:03 2016: pair: ETH_USD  mode: 0
BTC-E FLIP_ETH_USD Fri Jul 29 23:47:04 2016: Удаляем ордера по ETH_USD в сессии 1
BTC-E FLIP_ETH_USD Fri Jul 29 23:47:04 2016: pair ETH_USD: ask=12.671390  bid=12.579500
BTC-E FLIP_ETH_USD Fri Jul 29 23:47:04 2016: Balance: ETH = 0.000000; USD = 14.740811
BTC-E FLIP_ETH_USD Fri Jul 29 23:47:07 2016: 1.Ошибка выставления ордера "buy": You incorrectly entered one of fields.
BTC-E FLIP_ETH_USD Fri Jul 29 23:48:03 2016: ----------------------------------------
BTC-E FLIP_ETH_USD Fri Jul 29 23:48:03 2016: pair: ETH_USD  mode: 0
BTC-E FLIP_ETH_USD Fri Jul 29 23:48:03 2016: Удаляем ордера по ETH_USD в сессии 1
BTC-E FLIP_ETH_USD Fri Jul 29 23:48:03 2016: pair ETH_USD: ask=12.671320  bid=12.579500
BTC-E FLIP_ETH_USD Fri Jul 29 23:48:04 2016: Balance: ETH = 0.000000; USD = 14.740811
BTC-E FLIP_ETH_USD Fri Jul 29 23:48:07 2016: 1.Ошибка выставления ордера "buy": You incorrectly entered one of fields.
BTC-E FLIP_ETH_USD Fri Jul 29 23:49:03 2016: ----------------------------------------
BTC-E FLIP_ETH_USD Fri Jul 29 23:49:03 2016: pair: ETH_USD  mode: 0
BTC-E FLIP_ETH_USD Fri Jul 29 23:49:04 2016: Удаляем ордера по ETH_USD в сессии 1
BTC-E FLIP_ETH_USD Fri Jul 29 23:49:04 2016: pair ETH_USD: ask=12.660120  bid=12.579500
BTC-E FLIP_ETH_USD Fri Jul 29 23:49:04 2016: Balance: ETH = 0.000000; USD = 14.740811
BTC-E FLIP_ETH_USD Fri Jul 29 23:49:07 2016: 1.Ошибка выставления ордера "buy": You incorrectly entered one of fields.
BTC-E FLIP_ETH_USD Fri Jul 29 23:50:03 2016: ----------------------------------------
BTC-E FLIP_ETH_USD Fri Jul 29 23:50:03 2016: pair: ETH_USD  mode: 0
BTC-E FLIP_ETH_USD Fri Jul 29 23:50:03 2016: Удаляем ордера по ETH_USD в сессии 1
BTC-E FLIP_ETH_USD Fri Jul 29 23:50:04 2016: pair ETH_USD: ask=12.666700  bid=12.579520
BTC-E FLIP_ETH_USD Fri Jul 29 23:50:04 2016: Balance: ETH = 0.000000; USD = 14.740811
BTC-E FLIP_ETH_USD Fri Jul 29 23:50:06 2016: 2.Ошибка выставления ордера "buy": sequence item 1: expected string, float found
BTC-E FLIP_ETH_USD Fri Jul 29 23:51:03 2016: ----------------------------------------
BTC-E FLIP_ETH_USD Fri Jul 29 23:51:03 2016: pair: ETH_USD  mode: 0
BTC-E FLIP_ETH_USD Fri Jul 29 23:51:03 2016: Удаляем ордера по ETH_USD в сессии 1
BTC-E FLIP_ETH_USD Fri Jul 29 23:51:04 2016: pair ETH_USD: ask=12.666260  bid=12.579520
BTC-E FLIP_ETH_USD Fri Jul 29 23:51:04 2016: Balance: ETH = 0.000000; USD = 14.740811
BTC-E FLIP_ETH_USD Fri Jul 29 23:51:06 2016: 2.Ошибка выставления ордера "buy": sequence item 1: expected string, float found
BTC-E FLIP_ETH_USD Fri Jul 29 23:52:03 2016: ----------------------------------------
BTC-E FLIP_ETH_USD Fri Jul 29 23:52:03 2016: pair: ETH_USD  mode: 0
BTC-E FLIP_ETH_USD Fri Jul 29 23:52:04 2016: Удаляем ордера по ETH_USD в сессии 1
BTC-E FLIP_ETH_USD Fri Jul 29 23:52:04 2016: pair ETH_USD: ask=12.639070  bid=12.579500
BTC-E FLIP_ETH_USD Fri Jul 29 23:52:04 2016: Balance: ETH = 0.000000; USD = 14.740811
 Fri Jul 29 23:52:06 2016: ETH_USD,1.95358344801,7.545524193
BTC-E FLIP_ETH_USD Fri Jul 29 23:52:07 2016: 1.Ошибка выставления ордера "buy": You incorrectly entered one of fields.
BTC-E FLIP_ETH_USD Fri Jul 29 23:53:08 2016: ----------------------------------------
BTC-E FLIP_ETH_USD Fri Jul 29 23:53:08 2016: pair: ETH_USD  mode: 0
BTC-E FLIP_ETH_USD Fri Jul 29 23:53:08 2016: Удаляем ордера по ETH_USD в сессии 1
BTC-E FLIP_ETH_USD Fri Jul 29 23:53:09 2016: pair ETH_USD: ask=12.632070  bid=12.546470
BTC-E FLIP_ETH_USD Fri Jul 29 23:53:09 2016: Balance: ETH = 0.000000; USD = 14.740811
 Fri Jul 29 23:53:11 2016: ETH_USD,1.95466601684,7.541345193
BTC-E FLIP_ETH_USD Fri Jul 29 23:53:11 2016: 1.Ошибка выставления ордера "buy": You incorrectly entered one of fields.
BTC-E FLIP_ETH_USD Fri Jul 29 23:54:03 2016: ----------------------------------------
BTC-E FLIP_ETH_USD Fri Jul 29 23:54:03 2016: pair: ETH_USD  mode: 0
BTC-E FLIP_ETH_USD Fri Jul 29 23:54:03 2016: Удаляем ордера по ETH_USD в сессии 1
BTC-E FLIP_ETH_USD Fri Jul 29 23:54:04 2016: pair ETH_USD: ask=12.614290  bid=12.530010
BTC-E FLIP_ETH_USD Fri Jul 29 23:54:04 2016: Balance: ETH = 0.000000; USD = 14.740811
 Fri Jul 29 23:54:06 2016: ETH_USD,1.95742114333,7.530730533
BTC-E FLIP_ETH_USD Fri Jul 29 23:54:07 2016: 1.Ошибка выставления ордера "buy": You incorrectly entered one of fields.
BTC-E FLIP_ETH_USD Fri Jul 29 23:55:03 2016: ----------------------------------------
BTC-E FLIP_ETH_USD Fri Jul 29 23:55:03 2016: pair: ETH_USD  mode: 0
BTC-E FLIP_ETH_USD Fri Jul 29 23:55:03 2016: Удаляем ордера по ETH_USD в сессии 1
BTC-E FLIP_ETH_USD Fri Jul 29 23:55:04 2016: pair ETH_USD: ask=12.614210  bid=12.530010
BTC-E FLIP_ETH_USD Fri Jul 29 23:55:04 2016: Balance: ETH = 0.000000; USD = 14.740811
 Fri Jul 29 23:55:06 2016: ETH_USD,1.9574335574,7.530682773
BTC-E FLIP_ETH_USD Fri Jul 29 23:55:07 2016: 1.Ошибка выставления ордера "buy": You incorrectly entered one of fields.
BTC-E FLIP_ETH_USD Fri Jul 29 23:56:03 2016: ----------------------------------------
BTC-E FLIP_ETH_USD Fri Jul 29 23:56:03 2016: pair: ETH_USD  mode: 0
BTC-E FLIP_ETH_USD Fri Jul 29 23:56:03 2016: Удаляем ордера по ETH_USD в сессии 1
BTC-E FLIP_ETH_USD Fri Jul 29 23:56:03 2016: pair ETH_USD: ask=12.602740  bid=12.530040
BTC-E FLIP_ETH_USD Fri Jul 29 23:56:03 2016: Balance: ETH = 0.000000; USD = 14.740811
 Fri Jul 29 23:56:05 2016: ETH_USD,1.95921505608,7.523835183
BTC-E FLIP_ETH_USD Fri Jul 29 23:56:06 2016: 1.Ошибка выставления ордера "buy": You incorrectly entered one of fields.
BTC-E FLIP_ETH_USD Fri Jul 29 23:57:03 2016: ----------------------------------------
BTC-E FLIP_ETH_USD Fri Jul 29 23:57:03 2016: pair: ETH_USD  mode: 0
BTC-E FLIP_ETH_USD Fri Jul 29 23:57:04 2016: Удаляем ордера по ETH_USD в сессии 1
BTC-E FLIP_ETH_USD Fri Jul 29 23:57:05 2016: pair ETH_USD: ask=12.582900  bid=12.530110
BTC-E FLIP_ETH_USD Fri Jul 29 23:57:05 2016: Balance: ETH = 0.000000; USD = 14.740811
 Fri Jul 29 23:57:05 2016: fee=0.200000
 Fri Jul 29 23:57:07 2016: ETH_USD,1.96230423503,7.511990703
BTC-E FLIP_ETH_USD Fri Jul 29 23:57:07 2016: 1.Ошибка выставления ордера "buy": You incorrectly entered one of fields.
BTC-E FLIP_ETH_USD Fri Jul 29 23:58:02 2016: ----------------------------------------
BTC-E FLIP_ETH_USD Fri Jul 29 23:58:02 2016: pair: ETH_USD  mode: 0
BTC-E FLIP_ETH_USD Fri Jul 29 23:58:03 2016: Удаляем ордера по ETH_USD в сессии 1
BTC-E FLIP_ETH_USD Fri Jul 29 23:58:03 2016: pair ETH_USD: ask=12.581310  bid=12.530150
BTC-E FLIP_ETH_USD Fri Jul 29 23:58:04 2016: Balance: ETH = 0.000000; USD = 14.740811
 Fri Jul 29 23:58:04 2016: fee=0.002000
 Fri Jul 29 23:58:06 2016: ETH_USD,1.17642725694,12.530151
BTC-E FLIP_ETH_USD Fri Jul 29 23:58:06 2016: 1.Ошибка выставления ордера "buy": You incorrectly entered one of fields.
BTC-E FLIP_ETH_USD Fri Jul 29 23:59:03 2016: ----------------------------------------
BTC-E FLIP_ETH_USD Fri Jul 29 23:59:03 2016: pair: ETH_USD  mode: 0
BTC-E FLIP_ETH_USD Fri Jul 29 23:59:03 2016: Удаляем ордера по ETH_USD в сессии 1
BTC-E FLIP_ETH_USD Fri Jul 29 23:59:04 2016: pair ETH_USD: ask=12.581310  bid=12.530180
BTC-E FLIP_ETH_USD Fri Jul 29 23:59:04 2016: Balance: ETH = 0.000000; USD = 14.740811
 Fri Jul 29 23:59:04 2016: fee=0.002000
 Fri Jul 29 23:59:06 2016: ETH_USD,1.17642444032,12.530181
BTC-E FLIP_ETH_USD Fri Jul 29 23:59:06 2016: 1.Ошибка выставления ордера "buy": You incorrectly entered one of fields.
BTC-E FLIP_ETH_USD Sat Jul 30 00:00:03 2016: ----------------------------------------
BTC-E FLIP_ETH_USD Sat Jul 30 00:00:03 2016: pair: ETH_USD  mode: 0
BTC-E FLIP_ETH_USD Sat Jul 30 00:00:03 2016: Удаляем ордера по ETH_USD в сессии 1
BTC-E FLIP_ETH_USD Sat Jul 30 00:00:03 2016: pair ETH_USD: ask=12.573000  bid=12.530230
BTC-E FLIP_ETH_USD Sat Jul 30 00:00:04 2016: Balance: ETH = 0.000000; USD = 14.740811
 Sat Jul 30 00:00:04 2016: fee=0.002000
 Sat Jul 30 00:00:06 2016: ETH_USD,1.18068284581,12.484988007
BTC-E FLIP_ETH_USD Sat Jul 30 00:00:06 2016: 1.Ошибка выставления ордера "buy": You incorrectly entered one of fields.
BTC-E FLIP_ETH_USD Sat Jul 30 00:19:02 2016: ----------------------------------------
BTC-E FLIP_ETH_USD Sat Jul 30 00:19:02 2016: pair: ETH_USD  mode: 0
BTC-E FLIP_ETH_USD Sat Jul 30 00:19:03 2016: Удаляем ордера по ETH_USD в сессии 1
BTC-E FLIP_ETH_USD Sat Jul 30 00:19:03 2016: pair ETH_USD: ask=12.571080  bid=12.479040
BTC-E FLIP_ETH_USD Sat Jul 30 00:19:04 2016: Balance: ETH = 0.000000; USD = 14.740811
 Sat Jul 30 00:19:04 2016: fee=0.002000
BTC-E FLIP_ETH_USD Sat Jul 30 00:19:06 2016: Ордер "buy": ETH_USD: price=12.479041
BTC-E FLIP_ETH_USD Sat Jul 30 00:20:04 2016: ----------------------------------------
BTC-E FLIP_ETH_USD Sat Jul 30 00:20:04 2016: pair: ETH_USD  mode: 0
BTC-E FLIP_ETH_USD Sat Jul 30 00:20:04 2016: Удаляем ордера по ETH_USD в сессии 1
 Sat Jul 30 00:20:04 2016: Strategy.run: near ",": syntax error
