 Mon Jul 25 23:31:44 2016: Удаляем ордера по ETH_USD
EXMO FLIP_ETH_USD Mon Jul 25 23:31:45 2016: ask=13.111000  bid=12.916001
EXMO FLIP_ETH_USD Mon Jul 25 23:31:45 2016: Balance: ETH = 0.722988; USD = 0.000000
EXMO FLIP_ETH_USD Mon Jul 25 23:31:47 2016: Ордер "sell": ETH_USD: price=13.494808
EXMO FLIP_ETH_USD Mon Jul 25 23:31:49 2016: Ошибка выставления ордера "buy": quantity expected in range 0.001000 - 1000.000000!
 Mon Jul 25 23:46:03 2016: Удаляем ордера по ETH_USD
EXMO FLIP_ETH_USD Mon Jul 25 23:46:03 2016: ask=13.110122  bid=13.000000
EXMO FLIP_ETH_USD Mon Jul 25 23:46:04 2016: Balance: ETH = 0.722988; USD = 0.000000
EXMO FLIP_ETH_USD Mon Jul 25 23:46:04 2016: Ордер "sell": ETH_USD: price=13.494808
EXMO FLIP_ETH_USD Mon Jul 25 23:46:06 2016: Ошибка выставления ордера "buy": quantity expected in range 0.001000 - 1000.000000!
 Mon Jul 25 23:47:03 2016: Удаляем ордера по ETH_USD
EXMO FLIP_ETH_USD Mon Jul 25 23:47:03 2016: ask=13.110000  bid=13.000000
EXMO FLIP_ETH_USD Mon Jul 25 23:47:04 2016: Balance: ETH = 0.722988; USD = 0.000000
EXMO FLIP_ETH_USD Mon Jul 25 23:47:04 2016: Ордер "sell": ETH_USD: price=13.494808
EXMO FLIP_ETH_USD Mon Jul 25 23:47:06 2016: Ошибка выставления ордера "buy": quantity expected in range 0.001000 - 1000.000000!
 Mon Jul 25 23:48:03 2016: Удаляем ордера по ETH_USD
EXMO FLIP_ETH_USD Mon Jul 25 23:48:03 2016: ask=13.110000  bid=13.000000
EXMO FLIP_ETH_USD Mon Jul 25 23:48:04 2016: Balance: ETH = 0.722988; USD = 0.000000
EXMO FLIP_ETH_USD Mon Jul 25 23:48:04 2016: Ордер "sell": ETH_USD: price=13.494808
EXMO FLIP_ETH_USD Mon Jul 25 23:48:06 2016: Ошибка выставления ордера "buy": quantity expected in range 0.001000 - 1000.000000!
 Mon Jul 25 23:48:39 2016: Удаляем ордера по ETH_USD
EXMO FLIP_ETH_USD Mon Jul 25 23:48:39 2016: ask=13.110000  bid=13.000000
EXMO FLIP_ETH_USD Mon Jul 25 23:48:45 2016: Balance: ETH = 0.722988; USD = 0.000000
EXMO FLIP_ETH_USD Mon Jul 25 23:48:45 2016: Ордер "sell": ETH_USD: price=13.494808
EXMO FLIP_ETH_USD Mon Jul 25 23:48:47 2016: Ошибка выставления ордера "buy": quantity expected in range 0.001000 - 1000.000000!
 Mon Jul 25 23:49:03 2016: Удаляем ордера по ETH_USD
EXMO FLIP_ETH_USD Mon Jul 25 23:49:04 2016: ask=13.109000  bid=13.000000
EXMO FLIP_ETH_USD Mon Jul 25 23:49:04 2016: Balance: ETH = 0.722988; USD = 0.000000
EXMO FLIP_ETH_USD Mon Jul 25 23:49:09 2016: Ордер "sell": ETH_USD: price=13.494808
EXMO FLIP_ETH_USD Mon Jul 25 23:49:11 2016: Ошибка выставления ордера "buy": quantity expected in range 0.001000 - 1000.000000!
 Mon Jul 25 23:50:03 2016: Удаляем ордера по ETH_USD
EXMO FLIP_ETH_USD Mon Jul 25 23:50:03 2016: ask=13.099000  bid=13.000000
EXMO FLIP_ETH_USD Mon Jul 25 23:50:04 2016: Balance: ETH = 0.722988; USD = 0.000000
EXMO FLIP_ETH_USD Mon Jul 25 23:50:05 2016: Ордер "sell": ETH_USD: price=13.494808
EXMO FLIP_ETH_USD Mon Jul 25 23:50:07 2016: Ошибка выставления ордера "buy": quantity expected in range 0.001000 - 1000.000000!
 Mon Jul 25 23:51:03 2016: Удаляем ордера по ETH_USD
EXMO FLIP_ETH_USD Mon Jul 25 23:51:09 2016: ask=13.099000  bid=13.000000
EXMO FLIP_ETH_USD Mon Jul 25 23:51:09 2016: Balance: ETH = 0.722988; USD = 0.000000
EXMO FLIP_ETH_USD Mon Jul 25 23:51:09 2016: Ордер "sell": ETH_USD: price=13.494808
EXMO FLIP_ETH_USD Mon Jul 25 23:51:11 2016: Ошибка выставления ордера "buy": quantity expected in range 0.001000 - 1000.000000!
 Mon Jul 25 23:52:04 2016: Удаляем ордера по ETH_USD
EXMO FLIP_ETH_USD Mon Jul 25 23:52:05 2016: ask=13.099000  bid=13.000000
EXMO FLIP_ETH_USD Mon Jul 25 23:52:05 2016: Balance: ETH = 0.722988; USD = 0.000000
EXMO FLIP_ETH_USD Mon Jul 25 23:52:06 2016: Ордер "sell": ETH_USD: price=13.494808
EXMO FLIP_ETH_USD Mon Jul 25 23:52:08 2016: Ошибка выставления ордера "buy": quantity expected in range 0.001000 - 1000.000000!
 Mon Jul 25 23:53:12 2016: Удаляем ордера по ETH_USD
EXMO FLIP_ETH_USD Mon Jul 25 23:53:13 2016: ask=13.099000  bid=13.000000
EXMO FLIP_ETH_USD Mon Jul 25 23:53:13 2016: Balance: ETH = 0.722988; USD = 0.000000
EXMO FLIP_ETH_USD Mon Jul 25 23:53:14 2016: Ордер "sell": ETH_USD: price=13.494808
EXMO FLIP_ETH_USD Mon Jul 25 23:53:16 2016: Ошибка выставления ордера "buy": quantity expected in range 0.001000 - 1000.000000!
 Mon Jul 25 23:54:03 2016: Удаляем ордера по ETH_USD
EXMO FLIP_ETH_USD Mon Jul 25 23:54:03 2016: ask=13.111000  bid=13.000000
EXMO FLIP_ETH_USD Mon Jul 25 23:54:09 2016: Balance: ETH = 0.722988; USD = 0.000000
EXMO FLIP_ETH_USD Mon Jul 25 23:54:09 2016: Ордер "sell": ETH_USD: price=13.494808
EXMO FLIP_ETH_USD Mon Jul 25 23:54:11 2016: Ошибка выставления ордера "buy": quantity expected in range 0.001000 - 1000.000000!
